[0.008s] Invoking command in '/home/ju/turtlebotsim/build/turtlebot3': CMAKE_PREFIX_PATH=${CMAKE_PREFIX_PATH}:/opt/ros/humble /usr/bin/cmake --build /home/ju/turtlebotsim/build/turtlebot3 -- -j20 -l20
[0.022s] -- Found ament_cmake: 1.3.11 (/opt/ros/humble/share/ament_cmake/cmake)
[0.094s] -- Found rclcpp: 16.0.12 (/opt/ros/humble/share/rclcpp/cmake)
[0.110s] -- Found rosidl_generator_c: 3.1.6 (/opt/ros/humble/share/rosidl_generator_c/cmake)
[0.111s] -- Found rosidl_adapter: 3.1.6 (/opt/ros/humble/share/rosidl_adapter/cmake)
[0.114s] -- Found rosidl_generator_cpp: 3.1.6 (/opt/ros/humble/share/rosidl_generator_cpp/cmake)
[0.119s] -- Using all available rosidl_typesupport_c: rosidl_typesupport_fastrtps_c;rosidl_typesupport_introspection_c
[0.125s] -- Using all available rosidl_typesupport_cpp: rosidl_typesupport_fastrtps_cpp;rosidl_typesupport_introspection_cpp
[0.143s] -- Found rmw_implementation_cmake: 6.1.2 (/opt/ros/humble/share/rmw_implementation_cmake/cmake)
[0.143s] -- Found rmw_fastrtps_cpp: 6.2.7 (/opt/ros/humble/share/rmw_fastrtps_cpp/cmake)
[0.210s] -- Using RMW implementation 'rmw_fastrtps_cpp' as default
[0.236s] -- Found rclcpp_action: 16.0.12 (/opt/ros/humble/share/rclcpp_action/cmake)
[0.251s] -- Found geometry_msgs: 4.8.0 (/opt/ros/humble/share/geometry_msgs/cmake)
[0.257s] -- Found nav_msgs: 4.8.0 (/opt/ros/humble/share/nav_msgs/cmake)
[0.266s] -- Found nav2_msgs: 1.1.18 (/opt/ros/humble/share/nav2_msgs/cmake)
[0.287s] -- Found ament_lint_auto: 0.12.12 (/opt/ros/humble/share/ament_lint_auto/cmake)
[0.327s] -- Added test 'cppcheck' to perform static code analysis on C / C++ code
[0.327s] -- Configured cppcheck include dirs: 
[0.327s] -- Configured cppcheck exclude dirs and/or files: 
[0.328s] -- Added test 'flake8' to check Python code syntax and style conventions
[0.328s] -- Added test 'lint_cmake' to check CMake code style
[0.329s] -- Added test 'pep257' to check Python code against some of the docstring style conventions in PEP 257
[0.330s] -- Added test 'uncrustify' to check C / C++ code style
[0.330s] -- Configured uncrustify additional arguments: 
[0.331s] -- Added test 'xmllint' to check XML markup files
[0.331s] -- Configuring done
[0.345s] -- Generating done
[0.346s] -- Build files have been written to: /home/ju/turtlebotsim/build/turtlebot3
[0.364s] [35m[1mConsolidate compiler generated dependencies of target map_to_stl_node[0m
[0.364s] [35m[1mConsolidate compiler generated dependencies of target goal_pose_to_nav2[0m
[0.366s] [35m[1mConsolidate compiler generated dependencies of target map_to_world_node[0m
[0.374s] [ 33%] Built target goal_pose_to_nav2
[0.375s] [ 50%] [32mBuilding CXX object CMakeFiles/map_to_stl_node.dir/nodes/map_to_stl_node.cpp.o[0m
[0.377s] [ 83%] Built target map_to_world_node
[2.776s] [100%] [32m[1mLinking CXX executable map_to_stl_node[0m
[2.978s] [100%] Built target map_to_stl_node
[2.989s] Invoked command in '/home/ju/turtlebotsim/build/turtlebot3' returned '0': CMAKE_PREFIX_PATH=${CMAKE_PREFIX_PATH}:/opt/ros/humble /usr/bin/cmake --build /home/ju/turtlebotsim/build/turtlebot3 -- -j20 -l20
[3.010s] Invoking command in '/home/ju/turtlebotsim/build/turtlebot3': CMAKE_PREFIX_PATH=${CMAKE_PREFIX_PATH}:/opt/ros/humble /usr/bin/cmake --install /home/ju/turtlebotsim/build/turtlebot3
[3.015s] -- Install configuration: ""
[3.015s] -- Up-to-date: /home/ju/turtlebotsim/install/turtlebot3/share/turtlebot3/launch
[3.015s] -- Up-to-date: /home/ju/turtlebotsim/install/turtlebot3/share/turtlebot3/launch/__pycache__
[3.015s] -- Up-to-date: /home/ju/turtlebotsim/install/turtlebot3/share/turtlebot3/launch/__pycache__/map_to_stl.launch.cpython-310.pyc
[3.015s] -- Up-to-date: /home/ju/turtlebotsim/install/turtlebot3/share/turtlebot3/launch/ros_ign_bridge.launch.py
[3.015s] -- Up-to-date: /home/ju/turtlebotsim/install/turtlebot3/share/turtlebot3/launch/goal_pose_to_nav2.launch.py
[3.015s] -- Up-to-date: /home/ju/turtlebotsim/install/turtlebot3/share/turtlebot3/launch/navigation2.launch.py
[3.015s] -- Up-to-date: /home/ju/turtlebotsim/install/turtlebot3/share/turtlebot3/launch/simulation.launch.py
[3.016s] -- Up-to-date: /home/ju/turtlebotsim/install/turtlebot3/share/turtlebot3/launch/robot_state_publisher.launch.py
[3.016s] -- Up-to-date: /home/ju/turtlebotsim/install/turtlebot3/share/turtlebot3/launch/map_to_stl.launch.py
[3.016s] -- Up-to-date: /home/ju/turtlebotsim/install/turtlebot3/share/turtlebot3/launch/map_to_world.launch.py
[3.016s] -- Up-to-date: /home/ju/turtlebotsim/install/turtlebot3/share/turtlebot3/models
[3.016s] -- Up-to-date: /home/ju/turtlebotsim/install/turtlebot3/share/turtlebot3/models/turtlebot3
[3.016s] -- Up-to-date: /home/ju/turtlebotsim/install/turtlebot3/share/turtlebot3/models/turtlebot3/meshes
[3.016s] -- Up-to-date: /home/ju/turtlebotsim/install/turtlebot3/share/turtlebot3/models/turtlebot3/meshes/lds.dae
[3.016s] -- Up-to-date: /home/ju/turtlebotsim/install/turtlebot3/share/turtlebot3/models/turtlebot3/meshes/waffle_pi_base.dae
[3.016s] -- Up-to-date: /home/ju/turtlebotsim/install/turtlebot3/share/turtlebot3/models/turtlebot3/meshes/r200.dae
[3.016s] -- Up-to-date: /home/ju/turtlebotsim/install/turtlebot3/share/turtlebot3/models/turtlebot3/meshes/burger_base.dae
[3.016s] -- Up-to-date: /home/ju/turtlebotsim/install/turtlebot3/share/turtlebot3/models/turtlebot3/meshes/tire.dae
[3.016s] -- Up-to-date: /home/ju/turtlebotsim/install/turtlebot3/share/turtlebot3/models/turtlebot3/meshes/waffle_base.dae
[3.016s] -- Up-to-date: /home/ju/turtlebotsim/install/turtlebot3/share/turtlebot3/models/turtlebot3/model.sdf
[3.016s] -- Up-to-date: /home/ju/turtlebotsim/install/turtlebot3/share/turtlebot3/models/turtlebot3/model.config
[3.017s] -- Up-to-date: /home/ju/turtlebotsim/install/turtlebot3/share/turtlebot3/models/worlds
[3.017s] -- Up-to-date: /home/ju/turtlebotsim/install/turtlebot3/share/turtlebot3/models/worlds/empty_world.sdf
[3.017s] -- Up-to-date: /home/ju/turtlebotsim/install/turtlebot3/share/turtlebot3/models/worlds/world_only.sdf
[3.017s] -- Installing: /home/ju/turtlebotsim/install/turtlebot3/share/turtlebot3/models/worlds/auto_generated_world.sdf
[3.017s] -- Up-to-date: /home/ju/turtlebotsim/install/turtlebot3/share/turtlebot3/models/worlds/meshes
[3.017s] -- Up-to-date: /home/ju/turtlebotsim/install/turtlebot3/share/turtlebot3/models/worlds/meshes/wall.dae
[3.017s] -- Up-to-date: /home/ju/turtlebotsim/install/turtlebot3/share/turtlebot3/models/worlds/meshes/hexagon.dae
[3.017s] -- Up-to-date: /home/ju/turtlebotsim/install/turtlebot3/share/turtlebot3/models/worlds/model.sdf
[3.017s] -- Up-to-date: /home/ju/turtlebotsim/install/turtlebot3/share/turtlebot3/maps
[3.017s] -- Up-to-date: /home/ju/turtlebotsim/install/turtlebot3/share/turtlebot3/maps/turtlebot3_world.pgm
[3.017s] -- Up-to-date: /home/ju/turtlebotsim/install/turtlebot3/share/turtlebot3/maps/turtlebot3_world.yaml
[3.017s] -- Up-to-date: /home/ju/turtlebotsim/install/turtlebot3/share/turtlebot3/params
[3.017s] -- Up-to-date: /home/ju/turtlebotsim/install/turtlebot3/share/turtlebot3/params/burger.yaml
[3.017s] -- Up-to-date: /home/ju/turtlebotsim/install/turtlebot3/share/turtlebot3/params/waffle.yaml
[3.017s] -- Installing: /home/ju/turtlebotsim/install/turtlebot3/lib/turtlebot3/map_to_stl_node.cpp
[3.017s] -- Up-to-date: /home/ju/turtlebotsim/install/turtlebot3/lib/turtlebot3/map_to_world_node.cpp
[3.017s] -- Up-to-date: /home/ju/turtlebotsim/install/turtlebot3/lib/turtlebot3/goal_pose_to_nav2.cpp
[3.017s] -- Installing: /home/ju/turtlebotsim/install/turtlebot3/lib/turtlebot3/map_to_stl_node
[3.017s] -- Set runtime path of "/home/ju/turtlebotsim/install/turtlebot3/lib/turtlebot3/map_to_stl_node" to ""
[3.017s] -- Installing: /home/ju/turtlebotsim/install/turtlebot3/lib/turtlebot3/map_to_world_node
[3.017s] -- Set runtime path of "/home/ju/turtlebotsim/install/turtlebot3/lib/turtlebot3/map_to_world_node" to ""
[3.017s] -- Installing: /home/ju/turtlebotsim/install/turtlebot3/lib/turtlebot3/goal_pose_to_nav2
[3.018s] -- Set runtime path of "/home/ju/turtlebotsim/install/turtlebot3/lib/turtlebot3/goal_pose_to_nav2" to ""
[3.018s] -- Installing: /home/ju/turtlebotsim/install/turtlebot3/share/ament_index/resource_index/package_run_dependencies/turtlebot3
[3.018s] -- Up-to-date: /home/ju/turtlebotsim/install/turtlebot3/share/ament_index/resource_index/parent_prefix_path/turtlebot3
[3.018s] -- Up-to-date: /home/ju/turtlebotsim/install/turtlebot3/share/turtlebot3/environment/ament_prefix_path.sh
[3.018s] -- Installing: /home/ju/turtlebotsim/install/turtlebot3/share/turtlebot3/environment/ament_prefix_path.dsv
[3.018s] -- Up-to-date: /home/ju/turtlebotsim/install/turtlebot3/share/turtlebot3/environment/path.sh
[3.018s] -- Installing: /home/ju/turtlebotsim/install/turtlebot3/share/turtlebot3/environment/path.dsv
[3.018s] -- Up-to-date: /home/ju/turtlebotsim/install/turtlebot3/share/turtlebot3/local_setup.bash
[3.018s] -- Up-to-date: /home/ju/turtlebotsim/install/turtlebot3/share/turtlebot3/local_setup.sh
[3.018s] -- Up-to-date: /home/ju/turtlebotsim/install/turtlebot3/share/turtlebot3/local_setup.zsh
[3.018s] -- Installing: /home/ju/turtlebotsim/install/turtlebot3/share/turtlebot3/local_setup.dsv
[3.018s] -- Installing: /home/ju/turtlebotsim/install/turtlebot3/share/turtlebot3/package.dsv
[3.018s] -- Up-to-date: /home/ju/turtlebotsim/install/turtlebot3/share/ament_index/resource_index/packages/turtlebot3
[3.018s] -- Up-to-date: /home/ju/turtlebotsim/install/turtlebot3/share/turtlebot3/cmake/turtlebot3Config.cmake
[3.018s] -- Up-to-date: /home/ju/turtlebotsim/install/turtlebot3/share/turtlebot3/cmake/turtlebot3Config-version.cmake
[3.018s] -- Installing: /home/ju/turtlebotsim/install/turtlebot3/share/turtlebot3/package.xml
[3.019s] Invoked command in '/home/ju/turtlebotsim/build/turtlebot3' returned '0': CMAKE_PREFIX_PATH=${CMAKE_PREFIX_PATH}:/opt/ros/humble /usr/bin/cmake --install /home/ju/turtlebotsim/build/turtlebot3
