[0.590s] Invoking command in '/home/ju/turtlebotsim/src/turtlebot3_robotis/turtlebot3_example': PYTHONPATH=/home/ju/turtlebotsim/build/turtlebot3_example/prefix_override:/home/ju/.local/lib/python3.10/site-packages/colcon_core/task/python/colcon_distutils_commands:/home/ju/turtlebotsim/install/turtlebot3_example/lib/python3.10/site-packages:${PYTHONPATH} /usr/bin/python3 -W ignore:setup.py install is deprecated setup.py egg_info --egg-base ../../../build/turtlebot3_example build --build-base /home/ju/turtlebotsim/build/turtlebot3_example/build install --record /home/ju/turtlebotsim/build/turtlebot3_example/install.log --single-version-externally-managed install_data
[0.716s] running egg_info
[0.716s] writing ../../../build/turtlebot3_example/turtlebot3_example.egg-info/PKG-INFO
[0.717s] writing dependency_links to ../../../build/turtlebot3_example/turtlebot3_example.egg-info/dependency_links.txt
[0.717s] writing entry points to ../../../build/turtlebot3_example/turtlebot3_example.egg-info/entry_points.txt
[0.717s] writing requirements to ../../../build/turtlebot3_example/turtlebot3_example.egg-info/requires.txt
[0.717s] writing top-level names to ../../../build/turtlebot3_example/turtlebot3_example.egg-info/top_level.txt
[0.719s] reading manifest file '../../../build/turtlebot3_example/turtlebot3_example.egg-info/SOURCES.txt'
[0.719s] writing manifest file '../../../build/turtlebot3_example/turtlebot3_example.egg-info/SOURCES.txt'
[0.719s] running build
[0.719s] running build_py
[0.720s] running install
[0.720s] running install_lib
[0.721s] running install_data
[0.721s] running install_egg_info
[0.722s] removing '/home/ju/turtlebotsim/install/turtlebot3_example/lib/python3.10/site-packages/turtlebot3_example-2.2.9-py3.10.egg-info' (and everything under it)
[0.723s] Copying ../../../build/turtlebot3_example/turtlebot3_example.egg-info to /home/ju/turtlebotsim/install/turtlebot3_example/lib/python3.10/site-packages/turtlebot3_example-2.2.9-py3.10.egg-info
[0.723s] running install_scripts
[0.735s] Installing turtlebot3_absolute_move script to /home/ju/turtlebotsim/install/turtlebot3_example/lib/turtlebot3_example
[0.735s] Installing turtlebot3_interactive_marker script to /home/ju/turtlebotsim/install/turtlebot3_example/lib/turtlebot3_example
[0.735s] Installing turtlebot3_obstacle_detection script to /home/ju/turtlebotsim/install/turtlebot3_example/lib/turtlebot3_example
[0.735s] Installing turtlebot3_patrol_client script to /home/ju/turtlebotsim/install/turtlebot3_example/lib/turtlebot3_example
[0.735s] Installing turtlebot3_patrol_server script to /home/ju/turtlebotsim/install/turtlebot3_example/lib/turtlebot3_example
[0.735s] Installing turtlebot3_relative_move script to /home/ju/turtlebotsim/install/turtlebot3_example/lib/turtlebot3_example
[0.735s] writing list of installed files to '/home/ju/turtlebotsim/build/turtlebot3_example/install.log'
[0.748s] Invoked command in '/home/ju/turtlebotsim/src/turtlebot3_robotis/turtlebot3_example' returned '0': PYTHONPATH=/home/ju/turtlebotsim/build/turtlebot3_example/prefix_override:/home/ju/.local/lib/python3.10/site-packages/colcon_core/task/python/colcon_distutils_commands:/home/ju/turtlebotsim/install/turtlebot3_example/lib/python3.10/site-packages:${PYTHONPATH} /usr/bin/python3 -W ignore:setup.py install is deprecated setup.py egg_info --egg-base ../../../build/turtlebot3_example build --build-base /home/ju/turtlebotsim/build/turtlebot3_example/build install --record /home/ju/turtlebotsim/build/turtlebot3_example/install.log --single-version-externally-managed install_data
