[0.008s] Invoking command in '/home/ju/turtlebotsim/build/turtlebot3': CMAKE_PREFIX_PATH=${CMAKE_PREFIX_PATH}:/opt/ros/humble /usr/bin/cmake --build /home/ju/turtlebotsim/build/turtlebot3 -- -j20 -l20
[0.024s] -- Found ament_cmake: 1.3.11 (/opt/ros/humble/share/ament_cmake/cmake)
[0.091s] -- Found rclcpp: 16.0.12 (/opt/ros/humble/share/rclcpp/cmake)
[0.107s] -- Found rosidl_generator_c: 3.1.6 (/opt/ros/humble/share/rosidl_generator_c/cmake)
[0.108s] -- Found rosidl_adapter: 3.1.6 (/opt/ros/humble/share/rosidl_adapter/cmake)
[0.111s] -- Found rosidl_generator_cpp: 3.1.6 (/opt/ros/humble/share/rosidl_generator_cpp/cmake)
[0.116s] -- Using all available rosidl_typesupport_c: rosidl_typesupport_fastrtps_c;rosidl_typesupport_introspection_c
[0.122s] -- Using all available rosidl_typesupport_cpp: rosidl_typesupport_fastrtps_cpp;rosidl_typesupport_introspection_cpp
[0.138s] -- Found rmw_implementation_cmake: 6.1.2 (/opt/ros/humble/share/rmw_implementation_cmake/cmake)
[0.139s] -- Found rmw_fastrtps_cpp: 6.2.7 (/opt/ros/humble/share/rmw_fastrtps_cpp/cmake)
[0.199s] -- Using RMW implementation 'rmw_fastrtps_cpp' as default
[0.223s] -- Found rclcpp_action: 16.0.12 (/opt/ros/humble/share/rclcpp_action/cmake)
[0.238s] -- Found geometry_msgs: 4.8.0 (/opt/ros/humble/share/geometry_msgs/cmake)
[0.244s] -- Found nav_msgs: 4.8.0 (/opt/ros/humble/share/nav_msgs/cmake)
[0.252s] -- Found nav2_msgs: 1.1.18 (/opt/ros/humble/share/nav2_msgs/cmake)
[0.268s] [31mCMake Error at /opt/ros/humble/share/ament_cmake_target_dependencies/cmake/ament_target_dependencies.cmake:77 (message):
[0.268s]   ament_target_dependencies() the passed package name 'sensor_msgs' was not
[0.268s]   found before
[0.268s] Call Stack (most recent call first):
[0.268s]   CMakeLists.txt:58 (ament_target_dependencies)
[0.268s] 
[0.268s] [0m
[0.268s] -- Configuring incomplete, errors occurred!
[0.268s] See also "/home/ju/turtlebotsim/build/turtlebot3/CMakeFiles/CMakeOutput.log".
[0.273s] gmake: *** [Makefile:349: cmake_check_build_system] Error 1
[0.275s] Invoked command in '/home/ju/turtlebotsim/build/turtlebot3' returned '2': CMAKE_PREFIX_PATH=${CMAKE_PREFIX_PATH}:/opt/ros/humble /usr/bin/cmake --build /home/ju/turtlebotsim/build/turtlebot3 -- -j20 -l20
