[0.008s] Invoking command in '/home/ju/turtlebotsim/build/turtlebot3': CMAKE_PREFIX_PATH=${CMAKE_PREFIX_PATH}:/opt/ros/humble /usr/bin/cmake --build /home/ju/turtlebotsim/build/turtlebot3 -- -j20 -l20
[0.036s] [35m[1mConsolidate compiler generated dependencies of target goal_pose_to_nav2[0m
[0.041s] [ 20%] Built target map_to_world_node
[0.042s] [ 40%] Built target cmd_vel_halver
[0.042s] [ 60%] Built target map_to_stl_topic
[0.047s] [ 70%] [32mBuilding CXX object CMakeFiles/goal_pose_to_nav2.dir/nodes/goal_pose_to_nav2.cpp.o[0m
[0.049s] [ 90%] Built target map_to_stl_node
[4.535s] [100%] [32m[1mLinking CXX executable goal_pose_to_nav2[0m
[4.794s] [100%] Built target goal_pose_to_nav2
[4.800s] Invoked command in '/home/ju/turtlebotsim/build/turtlebot3' returned '0': CMAKE_PREFIX_PATH=${CMAKE_PREFIX_PATH}:/opt/ros/humble /usr/bin/cmake --build /home/ju/turtlebotsim/build/turtlebot3 -- -j20 -l20
[4.826s] Invoking command in '/home/ju/turtlebotsim/build/turtlebot3': CMAKE_PREFIX_PATH=${CMAKE_PREFIX_PATH}:/opt/ros/humble /usr/bin/cmake --install /home/ju/turtlebotsim/build/turtlebot3
[4.831s] -- Install configuration: ""
[4.831s] -- Up-to-date: /home/ju/turtlebotsim/install/turtlebot3/share/turtlebot3/launch
[4.831s] -- Up-to-date: /home/ju/turtlebotsim/install/turtlebot3/share/turtlebot3/launch/__pycache__
[4.832s] -- Up-to-date: /home/ju/turtlebotsim/install/turtlebot3/share/turtlebot3/launch/__pycache__/map_to_stl.launch.cpython-310.pyc
[4.832s] -- Up-to-date: /home/ju/turtlebotsim/install/turtlebot3/share/turtlebot3/launch/cmd_vel_halver.launch.py
[4.832s] -- Up-to-date: /home/ju/turtlebotsim/install/turtlebot3/share/turtlebot3/launch/ros_ign_bridge.launch.py
[4.832s] -- Up-to-date: /home/ju/turtlebotsim/install/turtlebot3/share/turtlebot3/launch/map_to_stl_topic.launch.py
[4.832s] -- Up-to-date: /home/ju/turtlebotsim/install/turtlebot3/share/turtlebot3/launch/goal_pose_to_nav2.launch.py
[4.832s] -- Up-to-date: /home/ju/turtlebotsim/install/turtlebot3/share/turtlebot3/launch/navigation2.launch.py
[4.832s] -- Up-to-date: /home/ju/turtlebotsim/install/turtlebot3/share/turtlebot3/launch/simulation.launch.py
[4.832s] -- Up-to-date: /home/ju/turtlebotsim/install/turtlebot3/share/turtlebot3/launch/robot_state_publisher.launch.py
[4.832s] -- Up-to-date: /home/ju/turtlebotsim/install/turtlebot3/share/turtlebot3/launch/map_to_stl.launch.py
[4.832s] -- Up-to-date: /home/ju/turtlebotsim/install/turtlebot3/share/turtlebot3/launch/map_to_world.launch.py
[4.832s] -- Up-to-date: /home/ju/turtlebotsim/install/turtlebot3/share/turtlebot3/models
[4.832s] -- Up-to-date: /home/ju/turtlebotsim/install/turtlebot3/share/turtlebot3/models/turtlebot3
[4.832s] -- Up-to-date: /home/ju/turtlebotsim/install/turtlebot3/share/turtlebot3/models/turtlebot3/meshes
[4.832s] -- Up-to-date: /home/ju/turtlebotsim/install/turtlebot3/share/turtlebot3/models/turtlebot3/meshes/lds.dae
[4.832s] -- Up-to-date: /home/ju/turtlebotsim/install/turtlebot3/share/turtlebot3/models/turtlebot3/meshes/waffle_pi_base.dae
[4.832s] -- Up-to-date: /home/ju/turtlebotsim/install/turtlebot3/share/turtlebot3/models/turtlebot3/meshes/r200.dae
[4.832s] -- Up-to-date: /home/ju/turtlebotsim/install/turtlebot3/share/turtlebot3/models/turtlebot3/meshes/burger_base.dae
[4.832s] -- Up-to-date: /home/ju/turtlebotsim/install/turtlebot3/share/turtlebot3/models/turtlebot3/meshes/tire.dae
[4.832s] -- Up-to-date: /home/ju/turtlebotsim/install/turtlebot3/share/turtlebot3/models/turtlebot3/meshes/waffle_base.dae
[4.832s] -- Up-to-date: /home/ju/turtlebotsim/install/turtlebot3/share/turtlebot3/models/turtlebot3/model.sdf
[4.832s] -- Up-to-date: /home/ju/turtlebotsim/install/turtlebot3/share/turtlebot3/models/turtlebot3/model.config
[4.832s] -- Up-to-date: /home/ju/turtlebotsim/install/turtlebot3/share/turtlebot3/models/worlds
[4.832s] -- Up-to-date: /home/ju/turtlebotsim/install/turtlebot3/share/turtlebot3/models/worlds/empty_world.sdf
[4.832s] -- Up-to-date: /home/ju/turtlebotsim/install/turtlebot3/share/turtlebot3/models/worlds/world_only.sdf
[4.832s] -- Installing: /home/ju/turtlebotsim/install/turtlebot3/share/turtlebot3/models/worlds/auto_generated_world.sdf
[4.832s] -- Up-to-date: /home/ju/turtlebotsim/install/turtlebot3/share/turtlebot3/models/worlds/meshes
[4.832s] -- Up-to-date: /home/ju/turtlebotsim/install/turtlebot3/share/turtlebot3/models/worlds/meshes/wall.dae
[4.832s] -- Up-to-date: /home/ju/turtlebotsim/install/turtlebot3/share/turtlebot3/models/worlds/meshes/hexagon.dae
[4.833s] -- Up-to-date: /home/ju/turtlebotsim/install/turtlebot3/share/turtlebot3/models/worlds/model.sdf
[4.833s] -- Up-to-date: /home/ju/turtlebotsim/install/turtlebot3/share/turtlebot3/maps
[4.833s] -- Up-to-date: /home/ju/turtlebotsim/install/turtlebot3/share/turtlebot3/maps/turtlebot3_world.pgm
[4.833s] -- Up-to-date: /home/ju/turtlebotsim/install/turtlebot3/share/turtlebot3/maps/turtlebot3_world.yaml
[4.833s] -- Up-to-date: /home/ju/turtlebotsim/install/turtlebot3/share/turtlebot3/params
[4.833s] -- Up-to-date: /home/ju/turtlebotsim/install/turtlebot3/share/turtlebot3/params/burger.yaml
[4.833s] -- Up-to-date: /home/ju/turtlebotsim/install/turtlebot3/share/turtlebot3/params/waffle.yaml
[4.833s] -- Up-to-date: /home/ju/turtlebotsim/install/turtlebot3/lib/turtlebot3/map_to_stl_node.cpp
[4.833s] -- Up-to-date: /home/ju/turtlebotsim/install/turtlebot3/lib/turtlebot3/map_to_world_node.cpp
[4.833s] -- Installing: /home/ju/turtlebotsim/install/turtlebot3/lib/turtlebot3/goal_pose_to_nav2.cpp
[4.833s] -- Up-to-date: /home/ju/turtlebotsim/install/turtlebot3/lib/turtlebot3/map_to_stl_topic.cpp
[4.833s] -- Up-to-date: /home/ju/turtlebotsim/install/turtlebot3/lib/turtlebot3/map_to_stl_topic
[4.833s] -- Up-to-date: /home/ju/turtlebotsim/install/turtlebot3/lib/turtlebot3/cmd_vel_halver
[4.833s] -- Up-to-date: /home/ju/turtlebotsim/install/turtlebot3/lib/turtlebot3/map_to_stl_node
[4.833s] -- Up-to-date: /home/ju/turtlebotsim/install/turtlebot3/lib/turtlebot3/map_to_world_node
[4.833s] -- Installing: /home/ju/turtlebotsim/install/turtlebot3/lib/turtlebot3/goal_pose_to_nav2
[4.834s] -- Set runtime path of "/home/ju/turtlebotsim/install/turtlebot3/lib/turtlebot3/goal_pose_to_nav2" to ""
[4.834s] -- Up-to-date: /home/ju/turtlebotsim/install/turtlebot3/lib/turtlebot3/map_to_stl_topic
[4.834s] -- Up-to-date: /home/ju/turtlebotsim/install/turtlebot3/lib/turtlebot3/goal_pose_to_nav2
[4.834s] -- Up-to-date: /home/ju/turtlebotsim/install/turtlebot3/share/ament_index/resource_index/package_run_dependencies/turtlebot3
[4.834s] -- Up-to-date: /home/ju/turtlebotsim/install/turtlebot3/share/ament_index/resource_index/parent_prefix_path/turtlebot3
[4.834s] -- Up-to-date: /home/ju/turtlebotsim/install/turtlebot3/share/turtlebot3/environment/ament_prefix_path.sh
[4.834s] -- Up-to-date: /home/ju/turtlebotsim/install/turtlebot3/share/turtlebot3/environment/ament_prefix_path.dsv
[4.834s] -- Up-to-date: /home/ju/turtlebotsim/install/turtlebot3/share/turtlebot3/environment/path.sh
[4.834s] -- Up-to-date: /home/ju/turtlebotsim/install/turtlebot3/share/turtlebot3/environment/path.dsv
[4.834s] -- Up-to-date: /home/ju/turtlebotsim/install/turtlebot3/share/turtlebot3/local_setup.bash
[4.834s] -- Up-to-date: /home/ju/turtlebotsim/install/turtlebot3/share/turtlebot3/local_setup.sh
[4.835s] -- Up-to-date: /home/ju/turtlebotsim/install/turtlebot3/share/turtlebot3/local_setup.zsh
[4.835s] -- Up-to-date: /home/ju/turtlebotsim/install/turtlebot3/share/turtlebot3/local_setup.dsv
[4.835s] -- Installing: /home/ju/turtlebotsim/install/turtlebot3/share/turtlebot3/package.dsv
[4.835s] -- Up-to-date: /home/ju/turtlebotsim/install/turtlebot3/share/ament_index/resource_index/packages/turtlebot3
[4.835s] -- Up-to-date: /home/ju/turtlebotsim/install/turtlebot3/share/turtlebot3/cmake/turtlebot3Config.cmake
[4.835s] -- Up-to-date: /home/ju/turtlebotsim/install/turtlebot3/share/turtlebot3/cmake/turtlebot3Config-version.cmake
[4.835s] -- Up-to-date: /home/ju/turtlebotsim/install/turtlebot3/share/turtlebot3/package.xml
[4.836s] Invoked command in '/home/ju/turtlebotsim/build/turtlebot3' returned '0': CMAKE_PREFIX_PATH=${CMAKE_PREFIX_PATH}:/opt/ros/humble /usr/bin/cmake --install /home/ju/turtlebotsim/build/turtlebot3
