[0.005s] Invoking command in '/home/ju/turtlebotsim/build/turtlebot3_bringup': AMENT_PREFIX_PATH=/home/ju/turtlebotsim/install/turtlebot3_node:/home/ju/turtlebotsim/install/turtlebot3_description:${AMENT_PREFIX_PATH} CMAKE_PREFIX_PATH=/home/ju/turtlebotsim/install/turtlebot3_node:/home/ju/turtlebotsim/install/turtlebot3_description:/opt/ros/humble /usr/bin/cmake /home/ju/turtlebotsim/src/turtlebot3_robotis/turtlebot3_bringup -DCMAKE_INSTALL_PREFIX=/home/ju/turtlebotsim/install/turtlebot3_bringup
[0.042s] -- The C compiler identification is GNU 11.4.0
[0.076s] -- The CXX compiler identification is GNU 11.4.0
[0.082s] -- Detecting C compiler ABI info
[0.127s] -- Detecting C compiler ABI info - done
[0.131s] -- Check for working C compiler: /usr/bin/cc - skipped
[0.131s] -- Detecting C compile features
[0.132s] -- Detecting C compile features - done
[0.133s] -- Detecting CXX compiler ABI info
[0.189s] -- Detecting CXX compiler ABI info - done
[0.195s] -- Check for working CXX compiler: /usr/bin/c++ - skipped
[0.195s] -- Detecting CXX compile features
[0.196s] -- Detecting CXX compile features - done
[0.197s] -- Found ament_cmake: 1.3.11 (/opt/ros/humble/share/ament_cmake/cmake)
[0.295s] -- Found Python3: /usr/bin/python3 (found version "3.10.12") found components: Interpreter 
[0.381s] -- Configuring done
[0.383s] -- Generating done
[0.383s] -- Build files have been written to: /home/ju/turtlebotsim/build/turtlebot3_bringup
[0.385s] Invoked command in '/home/ju/turtlebotsim/build/turtlebot3_bringup' returned '0': AMENT_PREFIX_PATH=/home/ju/turtlebotsim/install/turtlebot3_node:/home/ju/turtlebotsim/install/turtlebot3_description:${AMENT_PREFIX_PATH} CMAKE_PREFIX_PATH=/home/ju/turtlebotsim/install/turtlebot3_node:/home/ju/turtlebotsim/install/turtlebot3_description:/opt/ros/humble /usr/bin/cmake /home/ju/turtlebotsim/src/turtlebot3_robotis/turtlebot3_bringup -DCMAKE_INSTALL_PREFIX=/home/ju/turtlebotsim/install/turtlebot3_bringup
[0.386s] Invoking command in '/home/ju/turtlebotsim/build/turtlebot3_bringup': AMENT_PREFIX_PATH=/home/ju/turtlebotsim/install/turtlebot3_node:/home/ju/turtlebotsim/install/turtlebot3_description:${AMENT_PREFIX_PATH} CMAKE_PREFIX_PATH=/home/ju/turtlebotsim/install/turtlebot3_node:/home/ju/turtlebotsim/install/turtlebot3_description:/opt/ros/humble /usr/bin/cmake --build /home/ju/turtlebotsim/build/turtlebot3_bringup -- -j20 -l20
[0.412s] Invoked command in '/home/ju/turtlebotsim/build/turtlebot3_bringup' returned '0': AMENT_PREFIX_PATH=/home/ju/turtlebotsim/install/turtlebot3_node:/home/ju/turtlebotsim/install/turtlebot3_description:${AMENT_PREFIX_PATH} CMAKE_PREFIX_PATH=/home/ju/turtlebotsim/install/turtlebot3_node:/home/ju/turtlebotsim/install/turtlebot3_description:/opt/ros/humble /usr/bin/cmake --build /home/ju/turtlebotsim/build/turtlebot3_bringup -- -j20 -l20
[0.429s] Invoking command in '/home/ju/turtlebotsim/build/turtlebot3_bringup': AMENT_PREFIX_PATH=/home/ju/turtlebotsim/install/turtlebot3_node:/home/ju/turtlebotsim/install/turtlebot3_description:${AMENT_PREFIX_PATH} CMAKE_PREFIX_PATH=/home/ju/turtlebotsim/install/turtlebot3_node:/home/ju/turtlebotsim/install/turtlebot3_description:/opt/ros/humble /usr/bin/cmake --install /home/ju/turtlebotsim/build/turtlebot3_bringup
[0.436s] -- Install configuration: ""
[0.436s] -- Installing: /home/ju/turtlebotsim/install/turtlebot3_bringup/share/turtlebot3_bringup/launch
[0.436s] -- Installing: /home/ju/turtlebotsim/install/turtlebot3_bringup/share/turtlebot3_bringup/launch/rviz2.launch.py
[0.436s] -- Installing: /home/ju/turtlebotsim/install/turtlebot3_bringup/share/turtlebot3_bringup/launch/robot.launch.py
[0.436s] -- Installing: /home/ju/turtlebotsim/install/turtlebot3_bringup/share/turtlebot3_bringup/launch/turtlebot3_state_publisher.launch.py
[0.436s] -- Installing: /home/ju/turtlebotsim/install/turtlebot3_bringup/share/turtlebot3_bringup/param
[0.436s] -- Installing: /home/ju/turtlebotsim/install/turtlebot3_bringup/share/turtlebot3_bringup/param/waffle_pi.yaml
[0.436s] -- Installing: /home/ju/turtlebotsim/install/turtlebot3_bringup/share/turtlebot3_bringup/param/burger.yaml
[0.436s] -- Installing: /home/ju/turtlebotsim/install/turtlebot3_bringup/share/turtlebot3_bringup/param/humble
[0.437s] -- Installing: /home/ju/turtlebotsim/install/turtlebot3_bringup/share/turtlebot3_bringup/param/humble/waffle_pi.yaml
[0.437s] -- Installing: /home/ju/turtlebotsim/install/turtlebot3_bringup/share/turtlebot3_bringup/param/humble/burger.yaml
[0.437s] -- Installing: /home/ju/turtlebotsim/install/turtlebot3_bringup/share/turtlebot3_bringup/param/humble/waffle.yaml
[0.437s] -- Installing: /home/ju/turtlebotsim/install/turtlebot3_bringup/share/turtlebot3_bringup/param/waffle.yaml
[0.437s] -- Installing: /home/ju/turtlebotsim/install/turtlebot3_bringup/share/turtlebot3_bringup/script
[0.437s] -- Installing: /home/ju/turtlebotsim/install/turtlebot3_bringup/share/turtlebot3_bringup/script/99-turtlebot3-cdc.rules
[0.437s] -- Installing: /home/ju/turtlebotsim/install/turtlebot3_bringup/share/turtlebot3_bringup/script/create_udev_rules
[0.437s] -- Installing: /home/ju/turtlebotsim/install/turtlebot3_bringup/share/ament_index/resource_index/package_run_dependencies/turtlebot3_bringup
[0.437s] -- Installing: /home/ju/turtlebotsim/install/turtlebot3_bringup/share/ament_index/resource_index/parent_prefix_path/turtlebot3_bringup
[0.437s] -- Installing: /home/ju/turtlebotsim/install/turtlebot3_bringup/share/turtlebot3_bringup/environment/ament_prefix_path.sh
[0.437s] -- Installing: /home/ju/turtlebotsim/install/turtlebot3_bringup/share/turtlebot3_bringup/environment/ament_prefix_path.dsv
[0.438s] -- Installing: /home/ju/turtlebotsim/install/turtlebot3_bringup/share/turtlebot3_bringup/environment/path.sh
[0.438s] -- Installing: /home/ju/turtlebotsim/install/turtlebot3_bringup/share/turtlebot3_bringup/environment/path.dsv
[0.438s] -- Installing: /home/ju/turtlebotsim/install/turtlebot3_bringup/share/turtlebot3_bringup/local_setup.bash
[0.438s] -- Installing: /home/ju/turtlebotsim/install/turtlebot3_bringup/share/turtlebot3_bringup/local_setup.sh
[0.438s] -- Installing: /home/ju/turtlebotsim/install/turtlebot3_bringup/share/turtlebot3_bringup/local_setup.zsh
[0.438s] -- Installing: /home/ju/turtlebotsim/install/turtlebot3_bringup/share/turtlebot3_bringup/local_setup.dsv
[0.438s] -- Installing: /home/ju/turtlebotsim/install/turtlebot3_bringup/share/turtlebot3_bringup/package.dsv
[0.438s] -- Installing: /home/ju/turtlebotsim/install/turtlebot3_bringup/share/ament_index/resource_index/packages/turtlebot3_bringup
[0.438s] -- Installing: /home/ju/turtlebotsim/install/turtlebot3_bringup/share/turtlebot3_bringup/cmake/turtlebot3_bringupConfig.cmake
[0.438s] -- Installing: /home/ju/turtlebotsim/install/turtlebot3_bringup/share/turtlebot3_bringup/cmake/turtlebot3_bringupConfig-version.cmake
[0.438s] -- Installing: /home/ju/turtlebotsim/install/turtlebot3_bringup/share/turtlebot3_bringup/package.xml
[0.440s] Invoked command in '/home/ju/turtlebotsim/build/turtlebot3_bringup' returned '0': AMENT_PREFIX_PATH=/home/ju/turtlebotsim/install/turtlebot3_node:/home/ju/turtlebotsim/install/turtlebot3_description:${AMENT_PREFIX_PATH} CMAKE_PREFIX_PATH=/home/ju/turtlebotsim/install/turtlebot3_node:/home/ju/turtlebotsim/install/turtlebot3_description:/opt/ros/humble /usr/bin/cmake --install /home/ju/turtlebotsim/build/turtlebot3_bringup
