[0.006s] Invoking command in '/home/ju/turtlebotsim/build/turtlebot3_bringup': AMENT_PREFIX_PATH=/home/ju/turtlebotsim/install/turtlebot3_node:/home/ju/turtlebotsim/install/turtlebot3_description:${AMENT_PREFIX_PATH} CMAKE_PREFIX_PATH=/home/ju/turtlebotsim/install/turtlebot3_node:/home/ju/turtlebotsim/install/turtlebot3_description:/opt/ros/humble /usr/bin/cmake --build /home/ju/turtlebotsim/build/turtlebot3_bringup -- -j20 -l20
[0.031s] Invoked command in '/home/ju/turtlebotsim/build/turtlebot3_bringup' returned '0': AMENT_PREFIX_PATH=/home/ju/turtlebotsim/install/turtlebot3_node:/home/ju/turtlebotsim/install/turtlebot3_description:${AMENT_PREFIX_PATH} CMAKE_PREFIX_PATH=/home/ju/turtlebotsim/install/turtlebot3_node:/home/ju/turtlebotsim/install/turtlebot3_description:/opt/ros/humble /usr/bin/cmake --build /home/ju/turtlebotsim/build/turtlebot3_bringup -- -j20 -l20
[0.044s] Invoking command in '/home/ju/turtlebotsim/build/turtlebot3_bringup': AMENT_PREFIX_PATH=/home/ju/turtlebotsim/install/turtlebot3_node:/home/ju/turtlebotsim/install/turtlebot3_description:${AMENT_PREFIX_PATH} CMAKE_PREFIX_PATH=/home/ju/turtlebotsim/install/turtlebot3_node:/home/ju/turtlebotsim/install/turtlebot3_description:/opt/ros/humble /usr/bin/cmake --install /home/ju/turtlebotsim/build/turtlebot3_bringup
[0.051s] -- Install configuration: ""
[0.051s] -- Up-to-date: /home/ju/turtlebotsim/install/turtlebot3_bringup/share/turtlebot3_bringup/launch
[0.051s] -- Up-to-date: /home/ju/turtlebotsim/install/turtlebot3_bringup/share/turtlebot3_bringup/launch/rviz2.launch.py
[0.051s] -- Up-to-date: /home/ju/turtlebotsim/install/turtlebot3_bringup/share/turtlebot3_bringup/launch/robot.launch.py
[0.051s] -- Up-to-date: /home/ju/turtlebotsim/install/turtlebot3_bringup/share/turtlebot3_bringup/launch/turtlebot3_state_publisher.launch.py
[0.051s] -- Up-to-date: /home/ju/turtlebotsim/install/turtlebot3_bringup/share/turtlebot3_bringup/param
[0.051s] -- Up-to-date: /home/ju/turtlebotsim/install/turtlebot3_bringup/share/turtlebot3_bringup/param/waffle_pi.yaml
[0.051s] -- Up-to-date: /home/ju/turtlebotsim/install/turtlebot3_bringup/share/turtlebot3_bringup/param/burger.yaml
[0.051s] -- Up-to-date: /home/ju/turtlebotsim/install/turtlebot3_bringup/share/turtlebot3_bringup/param/humble
[0.051s] -- Up-to-date: /home/ju/turtlebotsim/install/turtlebot3_bringup/share/turtlebot3_bringup/param/humble/waffle_pi.yaml
[0.051s] -- Up-to-date: /home/ju/turtlebotsim/install/turtlebot3_bringup/share/turtlebot3_bringup/param/humble/burger.yaml
[0.051s] -- Up-to-date: /home/ju/turtlebotsim/install/turtlebot3_bringup/share/turtlebot3_bringup/param/humble/waffle.yaml
[0.052s] -- Up-to-date: /home/ju/turtlebotsim/install/turtlebot3_bringup/share/turtlebot3_bringup/param/waffle.yaml
[0.052s] -- Up-to-date: /home/ju/turtlebotsim/install/turtlebot3_bringup/share/turtlebot3_bringup/script
[0.052s] -- Up-to-date: /home/ju/turtlebotsim/install/turtlebot3_bringup/share/turtlebot3_bringup/script/99-turtlebot3-cdc.rules
[0.052s] -- Up-to-date: /home/ju/turtlebotsim/install/turtlebot3_bringup/share/turtlebot3_bringup/script/create_udev_rules
[0.052s] -- Up-to-date: /home/ju/turtlebotsim/install/turtlebot3_bringup/share/ament_index/resource_index/package_run_dependencies/turtlebot3_bringup
[0.052s] -- Up-to-date: /home/ju/turtlebotsim/install/turtlebot3_bringup/share/ament_index/resource_index/parent_prefix_path/turtlebot3_bringup
[0.052s] -- Up-to-date: /home/ju/turtlebotsim/install/turtlebot3_bringup/share/turtlebot3_bringup/environment/ament_prefix_path.sh
[0.052s] -- Up-to-date: /home/ju/turtlebotsim/install/turtlebot3_bringup/share/turtlebot3_bringup/environment/ament_prefix_path.dsv
[0.052s] -- Up-to-date: /home/ju/turtlebotsim/install/turtlebot3_bringup/share/turtlebot3_bringup/environment/path.sh
[0.052s] -- Up-to-date: /home/ju/turtlebotsim/install/turtlebot3_bringup/share/turtlebot3_bringup/environment/path.dsv
[0.052s] -- Up-to-date: /home/ju/turtlebotsim/install/turtlebot3_bringup/share/turtlebot3_bringup/local_setup.bash
[0.052s] -- Up-to-date: /home/ju/turtlebotsim/install/turtlebot3_bringup/share/turtlebot3_bringup/local_setup.sh
[0.052s] -- Up-to-date: /home/ju/turtlebotsim/install/turtlebot3_bringup/share/turtlebot3_bringup/local_setup.zsh
[0.052s] -- Up-to-date: /home/ju/turtlebotsim/install/turtlebot3_bringup/share/turtlebot3_bringup/local_setup.dsv
[0.052s] -- Installing: /home/ju/turtlebotsim/install/turtlebot3_bringup/share/turtlebot3_bringup/package.dsv
[0.052s] -- Up-to-date: /home/ju/turtlebotsim/install/turtlebot3_bringup/share/ament_index/resource_index/packages/turtlebot3_bringup
[0.053s] -- Up-to-date: /home/ju/turtlebotsim/install/turtlebot3_bringup/share/turtlebot3_bringup/cmake/turtlebot3_bringupConfig.cmake
[0.053s] -- Up-to-date: /home/ju/turtlebotsim/install/turtlebot3_bringup/share/turtlebot3_bringup/cmake/turtlebot3_bringupConfig-version.cmake
[0.053s] -- Up-to-date: /home/ju/turtlebotsim/install/turtlebot3_bringup/share/turtlebot3_bringup/package.xml
[0.054s] Invoked command in '/home/ju/turtlebotsim/build/turtlebot3_bringup' returned '0': AMENT_PREFIX_PATH=/home/ju/turtlebotsim/install/turtlebot3_node:/home/ju/turtlebotsim/install/turtlebot3_description:${AMENT_PREFIX_PATH} CMAKE_PREFIX_PATH=/home/ju/turtlebotsim/install/turtlebot3_node:/home/ju/turtlebotsim/install/turtlebot3_description:/opt/ros/humble /usr/bin/cmake --install /home/ju/turtlebotsim/build/turtlebot3_bringup
