[0.017s] Invoking command in '/home/ju/turtlebotsim/build/turtlebot3_cartographer': CMAKE_PREFIX_PATH=/opt/ros/humble /usr/bin/cmake --build /home/ju/turtlebotsim/build/turtlebot3_cartographer -- -j20 -l20
[0.278s] Invoked command in '/home/ju/turtlebotsim/build/turtlebot3_cartographer' returned '0': CMAKE_PREFIX_PATH=/opt/ros/humble /usr/bin/cmake --build /home/ju/turtlebotsim/build/turtlebot3_cartographer -- -j20 -l20
[0.299s] Invoking command in '/home/ju/turtlebotsim/build/turtlebot3_cartographer': CMAKE_PREFIX_PATH=/opt/ros/humble /usr/bin/cmake --install /home/ju/turtlebotsim/build/turtlebot3_cartographer
[0.306s] -- Install configuration: ""
[0.308s] -- Up-to-date: /home/ju/turtlebotsim/install/turtlebot3_cartographer/share/turtlebot3_cartographer/config
[0.309s] -- Up-to-date: /home/ju/turtlebotsim/install/turtlebot3_cartographer/share/turtlebot3_cartographer/config/turtlebot3_lds_2d.lua
[0.309s] -- Up-to-date: /home/ju/turtlebotsim/install/turtlebot3_cartographer/share/turtlebot3_cartographer/launch
[0.310s] -- Up-to-date: /home/ju/turtlebotsim/install/turtlebot3_cartographer/share/turtlebot3_cartographer/launch/occupancy_grid.launch.py
[0.310s] -- Up-to-date: /home/ju/turtlebotsim/install/turtlebot3_cartographer/share/turtlebot3_cartographer/launch/cartographer.launch.py
[0.310s] -- Up-to-date: /home/ju/turtlebotsim/install/turtlebot3_cartographer/share/turtlebot3_cartographer/rviz
[0.311s] -- Up-to-date: /home/ju/turtlebotsim/install/turtlebot3_cartographer/share/turtlebot3_cartographer/rviz/tb3_cartographer.rviz
[0.311s] -- Up-to-date: /home/ju/turtlebotsim/install/turtlebot3_cartographer/share/ament_index/resource_index/package_run_dependencies/turtlebot3_cartographer
[0.311s] -- Up-to-date: /home/ju/turtlebotsim/install/turtlebot3_cartographer/share/ament_index/resource_index/parent_prefix_path/turtlebot3_cartographer
[0.313s] -- Up-to-date: /home/ju/turtlebotsim/install/turtlebot3_cartographer/share/turtlebot3_cartographer/environment/ament_prefix_path.sh
[0.313s] -- Up-to-date: /home/ju/turtlebotsim/install/turtlebot3_cartographer/share/turtlebot3_cartographer/environment/ament_prefix_path.dsv
[0.313s] -- Up-to-date: /home/ju/turtlebotsim/install/turtlebot3_cartographer/share/turtlebot3_cartographer/environment/path.sh
[0.313s] -- Up-to-date: /home/ju/turtlebotsim/install/turtlebot3_cartographer/share/turtlebot3_cartographer/environment/path.dsv
[0.313s] -- Up-to-date: /home/ju/turtlebotsim/install/turtlebot3_cartographer/share/turtlebot3_cartographer/local_setup.bash
[0.313s] -- Up-to-date: /home/ju/turtlebotsim/install/turtlebot3_cartographer/share/turtlebot3_cartographer/local_setup.sh
[0.313s] -- Up-to-date: /home/ju/turtlebotsim/install/turtlebot3_cartographer/share/turtlebot3_cartographer/local_setup.zsh
[0.313s] -- Up-to-date: /home/ju/turtlebotsim/install/turtlebot3_cartographer/share/turtlebot3_cartographer/local_setup.dsv
[0.314s] -- Installing: /home/ju/turtlebotsim/install/turtlebot3_cartographer/share/turtlebot3_cartographer/package.dsv
[0.314s] -- Up-to-date: /home/ju/turtlebotsim/install/turtlebot3_cartographer/share/ament_index/resource_index/packages/turtlebot3_cartographer
[0.314s] -- Up-to-date: /home/ju/turtlebotsim/install/turtlebot3_cartographer/share/turtlebot3_cartographer/cmake/turtlebot3_cartographerConfig.cmake
[0.314s] -- Up-to-date: /home/ju/turtlebotsim/install/turtlebot3_cartographer/share/turtlebot3_cartographer/cmake/turtlebot3_cartographerConfig-version.cmake
[0.314s] -- Up-to-date: /home/ju/turtlebotsim/install/turtlebot3_cartographer/share/turtlebot3_cartographer/package.xml
[0.329s] Invoked command in '/home/ju/turtlebotsim/build/turtlebot3_cartographer' returned '0': CMAKE_PREFIX_PATH=/opt/ros/humble /usr/bin/cmake --install /home/ju/turtlebotsim/build/turtlebot3_cartographer
