[0.009s] Invoking command in '/home/ju/turtlebotsim/build/turtlebot3_bringup': CMAKE_PREFIX_PATH=/home/ju/turtlebotsim/install/turtlebot3_node:/home/ju/turtlebotsim/install/turtlebot3_description:/home/ju/turtlebotsim/install/turtlebot3_robotis:/home/ju/turtlebotsim/install/turtlebot3_bringup:/home/ju/turtlebotsim/install/turtlebot3_navigation2:/home/ju/turtlebotsim/install/turtlebot3_cartographer:/home/ju/turtlebotsim/install/turtlebot3:/home/ju/turtlebotsim/install/turtlebot3_teleop:/home/ju/turtlebotsim/install/turtlebot3_example:/opt/ros/humble /usr/bin/cmake --build /home/ju/turtlebotsim/build/turtlebot3_bringup -- -j20 -l20
[0.033s] Invoked command in '/home/ju/turtlebotsim/build/turtlebot3_bringup' returned '0': CMAKE_PREFIX_PATH=/home/ju/turtlebotsim/install/turtlebot3_node:/home/ju/turtlebotsim/install/turtlebot3_description:/home/ju/turtlebotsim/install/turtlebot3_robotis:/home/ju/turtlebotsim/install/turtlebot3_bringup:/home/ju/turtlebotsim/install/turtlebot3_navigation2:/home/ju/turtlebotsim/install/turtlebot3_cartographer:/home/ju/turtlebotsim/install/turtlebot3:/home/ju/turtlebotsim/install/turtlebot3_teleop:/home/ju/turtlebotsim/install/turtlebot3_example:/opt/ros/humble /usr/bin/cmake --build /home/ju/turtlebotsim/build/turtlebot3_bringup -- -j20 -l20
[0.049s] Invoking command in '/home/ju/turtlebotsim/build/turtlebot3_bringup': CMAKE_PREFIX_PATH=/home/ju/turtlebotsim/install/turtlebot3_node:/home/ju/turtlebotsim/install/turtlebot3_description:/home/ju/turtlebotsim/install/turtlebot3_robotis:/home/ju/turtlebotsim/install/turtlebot3_bringup:/home/ju/turtlebotsim/install/turtlebot3_navigation2:/home/ju/turtlebotsim/install/turtlebot3_cartographer:/home/ju/turtlebotsim/install/turtlebot3:/home/ju/turtlebotsim/install/turtlebot3_teleop:/home/ju/turtlebotsim/install/turtlebot3_example:/opt/ros/humble /usr/bin/cmake --install /home/ju/turtlebotsim/build/turtlebot3_bringup
[0.054s] -- Install configuration: ""
[0.054s] -- Up-to-date: /home/ju/turtlebotsim/install/turtlebot3_bringup/share/turtlebot3_bringup/launch
[0.054s] -- Up-to-date: /home/ju/turtlebotsim/install/turtlebot3_bringup/share/turtlebot3_bringup/launch/rviz2.launch.py
[0.054s] -- Up-to-date: /home/ju/turtlebotsim/install/turtlebot3_bringup/share/turtlebot3_bringup/launch/robot.launch.py
[0.054s] -- Up-to-date: /home/ju/turtlebotsim/install/turtlebot3_bringup/share/turtlebot3_bringup/launch/turtlebot3_state_publisher.launch.py
[0.054s] -- Up-to-date: /home/ju/turtlebotsim/install/turtlebot3_bringup/share/turtlebot3_bringup/param
[0.054s] -- Up-to-date: /home/ju/turtlebotsim/install/turtlebot3_bringup/share/turtlebot3_bringup/param/waffle_pi.yaml
[0.054s] -- Up-to-date: /home/ju/turtlebotsim/install/turtlebot3_bringup/share/turtlebot3_bringup/param/burger.yaml
[0.054s] -- Up-to-date: /home/ju/turtlebotsim/install/turtlebot3_bringup/share/turtlebot3_bringup/param/humble
[0.054s] -- Up-to-date: /home/ju/turtlebotsim/install/turtlebot3_bringup/share/turtlebot3_bringup/param/humble/waffle_pi.yaml
[0.054s] -- Up-to-date: /home/ju/turtlebotsim/install/turtlebot3_bringup/share/turtlebot3_bringup/param/humble/burger.yaml
[0.054s] -- Up-to-date: /home/ju/turtlebotsim/install/turtlebot3_bringup/share/turtlebot3_bringup/param/humble/waffle.yaml
[0.054s] -- Up-to-date: /home/ju/turtlebotsim/install/turtlebot3_bringup/share/turtlebot3_bringup/param/waffle.yaml
[0.054s] -- Up-to-date: /home/ju/turtlebotsim/install/turtlebot3_bringup/share/turtlebot3_bringup/script
[0.055s] -- Up-to-date: /home/ju/turtlebotsim/install/turtlebot3_bringup/share/turtlebot3_bringup/script/99-turtlebot3-cdc.rules
[0.055s] -- Up-to-date: /home/ju/turtlebotsim/install/turtlebot3_bringup/share/turtlebot3_bringup/script/create_udev_rules
[0.055s] -- Up-to-date: /home/ju/turtlebotsim/install/turtlebot3_bringup/share/ament_index/resource_index/package_run_dependencies/turtlebot3_bringup
[0.055s] -- Up-to-date: /home/ju/turtlebotsim/install/turtlebot3_bringup/share/ament_index/resource_index/parent_prefix_path/turtlebot3_bringup
[0.055s] -- Up-to-date: /home/ju/turtlebotsim/install/turtlebot3_bringup/share/turtlebot3_bringup/environment/ament_prefix_path.sh
[0.055s] -- Up-to-date: /home/ju/turtlebotsim/install/turtlebot3_bringup/share/turtlebot3_bringup/environment/ament_prefix_path.dsv
[0.055s] -- Up-to-date: /home/ju/turtlebotsim/install/turtlebot3_bringup/share/turtlebot3_bringup/environment/path.sh
[0.055s] -- Up-to-date: /home/ju/turtlebotsim/install/turtlebot3_bringup/share/turtlebot3_bringup/environment/path.dsv
[0.055s] -- Up-to-date: /home/ju/turtlebotsim/install/turtlebot3_bringup/share/turtlebot3_bringup/local_setup.bash
[0.055s] -- Up-to-date: /home/ju/turtlebotsim/install/turtlebot3_bringup/share/turtlebot3_bringup/local_setup.sh
[0.055s] -- Up-to-date: /home/ju/turtlebotsim/install/turtlebot3_bringup/share/turtlebot3_bringup/local_setup.zsh
[0.055s] -- Up-to-date: /home/ju/turtlebotsim/install/turtlebot3_bringup/share/turtlebot3_bringup/local_setup.dsv
[0.055s] -- Up-to-date: /home/ju/turtlebotsim/install/turtlebot3_bringup/share/turtlebot3_bringup/package.dsv
[0.055s] -- Up-to-date: /home/ju/turtlebotsim/install/turtlebot3_bringup/share/ament_index/resource_index/packages/turtlebot3_bringup
[0.055s] -- Up-to-date: /home/ju/turtlebotsim/install/turtlebot3_bringup/share/turtlebot3_bringup/cmake/turtlebot3_bringupConfig.cmake
[0.055s] -- Up-to-date: /home/ju/turtlebotsim/install/turtlebot3_bringup/share/turtlebot3_bringup/cmake/turtlebot3_bringupConfig-version.cmake
[0.055s] -- Up-to-date: /home/ju/turtlebotsim/install/turtlebot3_bringup/share/turtlebot3_bringup/package.xml
[0.056s] Invoked command in '/home/ju/turtlebotsim/build/turtlebot3_bringup' returned '0': CMAKE_PREFIX_PATH=/home/ju/turtlebotsim/install/turtlebot3_node:/home/ju/turtlebotsim/install/turtlebot3_description:/home/ju/turtlebotsim/install/turtlebot3_robotis:/home/ju/turtlebotsim/install/turtlebot3_bringup:/home/ju/turtlebotsim/install/turtlebot3_navigation2:/home/ju/turtlebotsim/install/turtlebot3_cartographer:/home/ju/turtlebotsim/install/turtlebot3:/home/ju/turtlebotsim/install/turtlebot3_teleop:/home/ju/turtlebotsim/install/turtlebot3_example:/opt/ros/humble /usr/bin/cmake --install /home/ju/turtlebotsim/build/turtlebot3_bringup
