[0.017s] Invoking command in '/home/ju/turtlebotsim/build/turtlebot3_node': CMAKE_PREFIX_PATH=/opt/ros/humble /usr/bin/cmake /home/ju/turtlebotsim/src/turtlebot3_robotis/turtlebot3_node -DCMAKE_INSTALL_PREFIX=/home/ju/turtlebotsim/install/turtlebot3_node
[0.327s] -- The C compiler identification is GNU 11.4.0
[0.327s] -- The CXX compiler identification is GNU 11.4.0
[0.327s] -- Detecting C compiler ABI info
[0.327s] -- Detecting C compiler ABI info - done
[0.327s] -- Check for working C compiler: /usr/bin/cc - skipped
[0.327s] -- Detecting C compile features
[0.327s] -- Detecting C compile features - done
[0.327s] -- Detecting CXX compiler ABI info
[0.327s] -- Detecting CXX compiler ABI info - done
[0.328s] -- Check for working CXX compiler: /usr/bin/c++ - skipped
[0.328s] -- Detecting CXX compile features
[0.328s] -- Detecting CXX compile features - done
[0.328s] -- Found ament_cmake: 1.3.11 (/opt/ros/humble/share/ament_cmake/cmake)
[0.328s] -- Found Python3: /usr/bin/python3 (found version "3.10.12") found components: Interpreter 
[0.367s] -- Found dynamixel_sdk: 3.8.3 (/opt/ros/humble/share/dynamixel_sdk/cmake)
[0.370s] -- Found geometry_msgs: 4.8.0 (/opt/ros/humble/share/geometry_msgs/cmake)
[0.403s] -- Found rosidl_generator_c: 3.1.6 (/opt/ros/humble/share/rosidl_generator_c/cmake)
[0.406s] -- Found rosidl_adapter: 3.1.6 (/opt/ros/humble/share/rosidl_adapter/cmake)
[0.410s] -- Found rosidl_generator_cpp: 3.1.6 (/opt/ros/humble/share/rosidl_generator_cpp/cmake)
[0.417s] -- Using all available rosidl_typesupport_c: rosidl_typesupport_fastrtps_c;rosidl_typesupport_introspection_c
[0.426s] -- Using all available rosidl_typesupport_cpp: rosidl_typesupport_fastrtps_cpp;rosidl_typesupport_introspection_cpp
[0.448s] -- Found message_filters: 4.3.7 (/opt/ros/humble/share/message_filters/cmake)
[0.471s] -- Found rmw_implementation_cmake: 6.1.2 (/opt/ros/humble/share/rmw_implementation_cmake/cmake)
[0.472s] -- Found rmw_fastrtps_cpp: 6.2.7 (/opt/ros/humble/share/rmw_fastrtps_cpp/cmake)
[0.528s] -- Found OpenSSL: /usr/lib/x86_64-linux-gnu/libcrypto.so (found version "3.0.2")  
[0.556s] -- Found FastRTPS: /opt/ros/humble/include  
[0.584s] -- Using RMW implementation 'rmw_fastrtps_cpp' as default
[0.589s] -- Looking for pthread.h
[0.634s] -- Looking for pthread.h - found
[0.634s] -- Performing Test CMAKE_HAVE_LIBC_PTHREAD
[0.678s] -- Performing Test CMAKE_HAVE_LIBC_PTHREAD - Success
[0.679s] -- Found Threads: TRUE  
[0.709s] -- Found nav_msgs: 4.8.0 (/opt/ros/humble/share/nav_msgs/cmake)
[0.719s] -- Found sensor_msgs: 4.8.0 (/opt/ros/humble/share/sensor_msgs/cmake)
[0.731s] -- Found std_srvs: 4.8.0 (/opt/ros/humble/share/std_srvs/cmake)
[0.737s] -- Found tf2: 0.25.12 (/opt/ros/humble/share/tf2/cmake)
[0.743s] -- Found tf2_ros: 0.25.12 (/opt/ros/humble/share/tf2_ros/cmake)
[0.791s] -- Found turtlebot3_msgs: 2.4.0 (/opt/ros/humble/share/turtlebot3_msgs/cmake)
[0.850s] -- Configuring done
[0.859s] -- Generating done
[0.860s] -- Build files have been written to: /home/ju/turtlebotsim/build/turtlebot3_node
[0.867s] Invoked command in '/home/ju/turtlebotsim/build/turtlebot3_node' returned '0': CMAKE_PREFIX_PATH=/opt/ros/humble /usr/bin/cmake /home/ju/turtlebotsim/src/turtlebot3_robotis/turtlebot3_node -DCMAKE_INSTALL_PREFIX=/home/ju/turtlebotsim/install/turtlebot3_node
[0.868s] Invoking command in '/home/ju/turtlebotsim/build/turtlebot3_node': CMAKE_PREFIX_PATH=/opt/ros/humble /usr/bin/cmake --build /home/ju/turtlebotsim/build/turtlebot3_node -- -j20 -l20
[0.902s] [ 21%] [32mBuilding CXX object CMakeFiles/turtlebot3_node_lib.dir/src/devices/reset.cpp.o[0m
[0.902s] [ 21%] [32mBuilding CXX object CMakeFiles/turtlebot3_node_lib.dir/src/dynamixel_sdk_wrapper.cpp.o[0m
[0.903s] [ 21%] [32mBuilding CXX object CMakeFiles/turtlebot3_node_lib.dir/src/devices/sound.cpp.o[0m
[0.903s] [ 28%] [32mBuilding CXX object CMakeFiles/turtlebot3_node_lib.dir/src/turtlebot3.cpp.o[0m
[0.903s] [ 35%] [32mBuilding CXX object CMakeFiles/turtlebot3_node_lib.dir/src/sensors/sensor_state.cpp.o[0m
[0.904s] [ 42%] [32mBuilding CXX object CMakeFiles/turtlebot3_node_lib.dir/src/diff_drive_controller.cpp.o[0m
[0.904s] [ 50%] [32mBuilding CXX object CMakeFiles/turtlebot3_node_lib.dir/src/devices/motor_power.cpp.o[0m
[0.905s] [ 57%] [32mBuilding CXX object CMakeFiles/turtlebot3_node_lib.dir/src/odometry.cpp.o[0m
[0.905s] [ 71%] [32mBuilding CXX object CMakeFiles/turtlebot3_node_lib.dir/src/sensors/battery_state.cpp.o[0m
[0.905s] [ 71%] [32mBuilding CXX object CMakeFiles/turtlebot3_node_lib.dir/src/sensors/imu.cpp.o[0m
[0.905s] [ 78%] [32mBuilding CXX object CMakeFiles/turtlebot3_node_lib.dir/src/sensors/joint_state.cpp.o[0m
[9.089s] [ 85%] [32m[1mLinking CXX static library libturtlebot3_node_lib.a[0m
[9.453s] [ 85%] Built target turtlebot3_node_lib
[9.469s] [ 92%] [32mBuilding CXX object CMakeFiles/turtlebot3_ros.dir/src/node_main.cpp.o[0m
[11.326s] [100%] [32m[1mLinking CXX executable turtlebot3_ros[0m
[12.395s] [100%] Built target turtlebot3_ros
[12.406s] Invoked command in '/home/ju/turtlebotsim/build/turtlebot3_node' returned '0': CMAKE_PREFIX_PATH=/opt/ros/humble /usr/bin/cmake --build /home/ju/turtlebotsim/build/turtlebot3_node -- -j20 -l20
[12.444s] Invoking command in '/home/ju/turtlebotsim/build/turtlebot3_node': CMAKE_PREFIX_PATH=/opt/ros/humble /usr/bin/cmake --install /home/ju/turtlebotsim/build/turtlebot3_node
[12.449s] -- Install configuration: ""
[12.449s] -- Installing: /home/ju/turtlebotsim/install/turtlebot3_node/share/turtlebot3_node/param
[12.449s] -- Installing: /home/ju/turtlebotsim/install/turtlebot3_node/share/turtlebot3_node/param/waffle_pi.yaml
[12.449s] -- Installing: /home/ju/turtlebotsim/install/turtlebot3_node/share/turtlebot3_node/param/burger.yaml
[12.449s] -- Installing: /home/ju/turtlebotsim/install/turtlebot3_node/share/turtlebot3_node/param/waffle.yaml
[12.449s] -- Installing: /home/ju/turtlebotsim/install/turtlebot3_node/lib/turtlebot3_node/turtlebot3_ros
[12.455s] -- Set runtime path of "/home/ju/turtlebotsim/install/turtlebot3_node/lib/turtlebot3_node/turtlebot3_ros" to ""
[12.455s] -- Installing: /home/ju/turtlebotsim/install/turtlebot3_node/share/ament_index/resource_index/package_run_dependencies/turtlebot3_node
[12.455s] -- Installing: /home/ju/turtlebotsim/install/turtlebot3_node/share/ament_index/resource_index/parent_prefix_path/turtlebot3_node
[12.455s] -- Installing: /home/ju/turtlebotsim/install/turtlebot3_node/share/turtlebot3_node/environment/ament_prefix_path.sh
[12.455s] -- Installing: /home/ju/turtlebotsim/install/turtlebot3_node/share/turtlebot3_node/environment/ament_prefix_path.dsv
[12.456s] -- Installing: /home/ju/turtlebotsim/install/turtlebot3_node/share/turtlebot3_node/environment/path.sh
[12.456s] -- Installing: /home/ju/turtlebotsim/install/turtlebot3_node/share/turtlebot3_node/environment/path.dsv
[12.456s] -- Installing: /home/ju/turtlebotsim/install/turtlebot3_node/share/turtlebot3_node/local_setup.bash
[12.456s] -- Installing: /home/ju/turtlebotsim/install/turtlebot3_node/share/turtlebot3_node/local_setup.sh
[12.456s] -- Installing: /home/ju/turtlebotsim/install/turtlebot3_node/share/turtlebot3_node/local_setup.zsh
[12.456s] -- Installing: /home/ju/turtlebotsim/install/turtlebot3_node/share/turtlebot3_node/local_setup.dsv
[12.456s] -- Installing: /home/ju/turtlebotsim/install/turtlebot3_node/share/turtlebot3_node/package.dsv
[12.456s] -- Installing: /home/ju/turtlebotsim/install/turtlebot3_node/share/ament_index/resource_index/packages/turtlebot3_node
[12.456s] -- Installing: /home/ju/turtlebotsim/install/turtlebot3_node/share/turtlebot3_node/cmake/ament_cmake_export_include_directories-extras.cmake
[12.456s] -- Installing: /home/ju/turtlebotsim/install/turtlebot3_node/share/turtlebot3_node/cmake/turtlebot3_nodeConfig.cmake
[12.456s] -- Installing: /home/ju/turtlebotsim/install/turtlebot3_node/share/turtlebot3_node/cmake/turtlebot3_nodeConfig-version.cmake
[12.456s] -- Installing: /home/ju/turtlebotsim/install/turtlebot3_node/share/turtlebot3_node/package.xml
[12.458s] Invoked command in '/home/ju/turtlebotsim/build/turtlebot3_node' returned '0': CMAKE_PREFIX_PATH=/opt/ros/humble /usr/bin/cmake --install /home/ju/turtlebotsim/build/turtlebot3_node
