[0.583s] Invoking command in '/home/ju/turtlebotsim/src/turtlebot3_robotis/turtlebot3_example': PYTHONPATH=/home/ju/turtlebotsim/build/turtlebot3_example/prefix_override:/home/ju/.local/lib/python3.10/site-packages/colcon_core/task/python/colcon_distutils_commands:/home/ju/turtlebotsim/install/turtlebot3_example/lib/python3.10/site-packages:${PYTHONPATH} /usr/bin/python3 -W ignore:setup.py install is deprecated setup.py egg_info --egg-base ../../../build/turtlebot3_example build --build-base /home/ju/turtlebotsim/build/turtlebot3_example/build install --record /home/ju/turtlebotsim/build/turtlebot3_example/install.log --single-version-externally-managed install_data
[0.711s] running egg_info
[0.711s] creating ../../../build/turtlebot3_example/turtlebot3_example.egg-info
[0.712s] writing ../../../build/turtlebot3_example/turtlebot3_example.egg-info/PKG-INFO
[0.712s] writing dependency_links to ../../../build/turtlebot3_example/turtlebot3_example.egg-info/dependency_links.txt
[0.712s] writing entry points to ../../../build/turtlebot3_example/turtlebot3_example.egg-info/entry_points.txt
[0.712s] writing requirements to ../../../build/turtlebot3_example/turtlebot3_example.egg-info/requires.txt
[0.712s] writing top-level names to ../../../build/turtlebot3_example/turtlebot3_example.egg-info/top_level.txt
[0.713s] writing manifest file '../../../build/turtlebot3_example/turtlebot3_example.egg-info/SOURCES.txt'
[0.714s] reading manifest file '../../../build/turtlebot3_example/turtlebot3_example.egg-info/SOURCES.txt'
[0.714s] writing manifest file '../../../build/turtlebot3_example/turtlebot3_example.egg-info/SOURCES.txt'
[0.714s] running build
[0.714s] running build_py
[0.714s] creating /home/ju/turtlebotsim/build/turtlebot3_example/build
[0.714s] creating /home/ju/turtlebotsim/build/turtlebot3_example/build/lib
[0.714s] creating /home/ju/turtlebotsim/build/turtlebot3_example/build/lib/turtlebot3_example
[0.714s] copying turtlebot3_example/__init__.py -> /home/ju/turtlebotsim/build/turtlebot3_example/build/lib/turtlebot3_example
[0.714s] creating /home/ju/turtlebotsim/build/turtlebot3_example/build/lib/turtlebot3_example/turtlebot3_relative_move
[0.715s] copying turtlebot3_example/turtlebot3_relative_move/turtlebot3_relative_move.py -> /home/ju/turtlebotsim/build/turtlebot3_example/build/lib/turtlebot3_example/turtlebot3_relative_move
[0.715s] copying turtlebot3_example/turtlebot3_relative_move/__init__.py -> /home/ju/turtlebotsim/build/turtlebot3_example/build/lib/turtlebot3_example/turtlebot3_relative_move
[0.715s] creating /home/ju/turtlebotsim/build/turtlebot3_example/build/lib/turtlebot3_example/turtlebot3_patrol
[0.715s] copying turtlebot3_example/turtlebot3_patrol/turtlebot3_patrol_client.py -> /home/ju/turtlebotsim/build/turtlebot3_example/build/lib/turtlebot3_example/turtlebot3_patrol
[0.715s] copying turtlebot3_example/turtlebot3_patrol/turtlebot3_patrol_server.py -> /home/ju/turtlebotsim/build/turtlebot3_example/build/lib/turtlebot3_example/turtlebot3_patrol
[0.715s] copying turtlebot3_example/turtlebot3_patrol/__init__.py -> /home/ju/turtlebotsim/build/turtlebot3_example/build/lib/turtlebot3_example/turtlebot3_patrol
[0.715s] creating /home/ju/turtlebotsim/build/turtlebot3_example/build/lib/turtlebot3_example/turtlebot3_interactive_marker
[0.715s] copying turtlebot3_example/turtlebot3_interactive_marker/turtlebot3_interactive_marker.py -> /home/ju/turtlebotsim/build/turtlebot3_example/build/lib/turtlebot3_example/turtlebot3_interactive_marker
[0.715s] copying turtlebot3_example/turtlebot3_interactive_marker/__init__.py -> /home/ju/turtlebotsim/build/turtlebot3_example/build/lib/turtlebot3_example/turtlebot3_interactive_marker
[0.715s] creating /home/ju/turtlebotsim/build/turtlebot3_example/build/lib/turtlebot3_example/turtlebot3_obstacle_detection
[0.715s] copying turtlebot3_example/turtlebot3_obstacle_detection/turtlebot3_obstacle_detection.py -> /home/ju/turtlebotsim/build/turtlebot3_example/build/lib/turtlebot3_example/turtlebot3_obstacle_detection
[0.715s] copying turtlebot3_example/turtlebot3_obstacle_detection/__init__.py -> /home/ju/turtlebotsim/build/turtlebot3_example/build/lib/turtlebot3_example/turtlebot3_obstacle_detection
[0.715s] creating /home/ju/turtlebotsim/build/turtlebot3_example/build/lib/turtlebot3_example/turtlebot3_absolute_move
[0.715s] copying turtlebot3_example/turtlebot3_absolute_move/turtlebot3_absolute_move.py -> /home/ju/turtlebotsim/build/turtlebot3_example/build/lib/turtlebot3_example/turtlebot3_absolute_move
[0.715s] copying turtlebot3_example/turtlebot3_absolute_move/__init__.py -> /home/ju/turtlebotsim/build/turtlebot3_example/build/lib/turtlebot3_example/turtlebot3_absolute_move
[0.716s] running install
[0.716s] running install_lib
[0.716s] creating /home/ju/turtlebotsim/install/turtlebot3_example/lib/python3.10/site-packages/turtlebot3_example
[0.716s] creating /home/ju/turtlebotsim/install/turtlebot3_example/lib/python3.10/site-packages/turtlebot3_example/turtlebot3_relative_move
[0.716s] copying /home/ju/turtlebotsim/build/turtlebot3_example/build/lib/turtlebot3_example/turtlebot3_relative_move/turtlebot3_relative_move.py -> /home/ju/turtlebotsim/install/turtlebot3_example/lib/python3.10/site-packages/turtlebot3_example/turtlebot3_relative_move
[0.716s] copying /home/ju/turtlebotsim/build/turtlebot3_example/build/lib/turtlebot3_example/turtlebot3_relative_move/__init__.py -> /home/ju/turtlebotsim/install/turtlebot3_example/lib/python3.10/site-packages/turtlebot3_example/turtlebot3_relative_move
[0.716s] creating /home/ju/turtlebotsim/install/turtlebot3_example/lib/python3.10/site-packages/turtlebot3_example/turtlebot3_patrol
[0.716s] copying /home/ju/turtlebotsim/build/turtlebot3_example/build/lib/turtlebot3_example/turtlebot3_patrol/turtlebot3_patrol_client.py -> /home/ju/turtlebotsim/install/turtlebot3_example/lib/python3.10/site-packages/turtlebot3_example/turtlebot3_patrol
[0.716s] copying /home/ju/turtlebotsim/build/turtlebot3_example/build/lib/turtlebot3_example/turtlebot3_patrol/turtlebot3_patrol_server.py -> /home/ju/turtlebotsim/install/turtlebot3_example/lib/python3.10/site-packages/turtlebot3_example/turtlebot3_patrol
[0.716s] copying /home/ju/turtlebotsim/build/turtlebot3_example/build/lib/turtlebot3_example/turtlebot3_patrol/__init__.py -> /home/ju/turtlebotsim/install/turtlebot3_example/lib/python3.10/site-packages/turtlebot3_example/turtlebot3_patrol
[0.716s] creating /home/ju/turtlebotsim/install/turtlebot3_example/lib/python3.10/site-packages/turtlebot3_example/turtlebot3_interactive_marker
[0.716s] copying /home/ju/turtlebotsim/build/turtlebot3_example/build/lib/turtlebot3_example/turtlebot3_interactive_marker/turtlebot3_interactive_marker.py -> /home/ju/turtlebotsim/install/turtlebot3_example/lib/python3.10/site-packages/turtlebot3_example/turtlebot3_interactive_marker
[0.716s] copying /home/ju/turtlebotsim/build/turtlebot3_example/build/lib/turtlebot3_example/turtlebot3_interactive_marker/__init__.py -> /home/ju/turtlebotsim/install/turtlebot3_example/lib/python3.10/site-packages/turtlebot3_example/turtlebot3_interactive_marker
[0.716s] creating /home/ju/turtlebotsim/install/turtlebot3_example/lib/python3.10/site-packages/turtlebot3_example/turtlebot3_obstacle_detection
[0.716s] copying /home/ju/turtlebotsim/build/turtlebot3_example/build/lib/turtlebot3_example/turtlebot3_obstacle_detection/turtlebot3_obstacle_detection.py -> /home/ju/turtlebotsim/install/turtlebot3_example/lib/python3.10/site-packages/turtlebot3_example/turtlebot3_obstacle_detection
[0.717s] copying /home/ju/turtlebotsim/build/turtlebot3_example/build/lib/turtlebot3_example/turtlebot3_obstacle_detection/__init__.py -> /home/ju/turtlebotsim/install/turtlebot3_example/lib/python3.10/site-packages/turtlebot3_example/turtlebot3_obstacle_detection
[0.717s] copying /home/ju/turtlebotsim/build/turtlebot3_example/build/lib/turtlebot3_example/__init__.py -> /home/ju/turtlebotsim/install/turtlebot3_example/lib/python3.10/site-packages/turtlebot3_example
[0.717s] creating /home/ju/turtlebotsim/install/turtlebot3_example/lib/python3.10/site-packages/turtlebot3_example/turtlebot3_absolute_move
[0.717s] copying /home/ju/turtlebotsim/build/turtlebot3_example/build/lib/turtlebot3_example/turtlebot3_absolute_move/turtlebot3_absolute_move.py -> /home/ju/turtlebotsim/install/turtlebot3_example/lib/python3.10/site-packages/turtlebot3_example/turtlebot3_absolute_move
[0.717s] copying /home/ju/turtlebotsim/build/turtlebot3_example/build/lib/turtlebot3_example/turtlebot3_absolute_move/__init__.py -> /home/ju/turtlebotsim/install/turtlebot3_example/lib/python3.10/site-packages/turtlebot3_example/turtlebot3_absolute_move
[0.717s] byte-compiling /home/ju/turtlebotsim/install/turtlebot3_example/lib/python3.10/site-packages/turtlebot3_example/turtlebot3_relative_move/turtlebot3_relative_move.py to turtlebot3_relative_move.cpython-310.pyc
[0.717s] byte-compiling /home/ju/turtlebotsim/install/turtlebot3_example/lib/python3.10/site-packages/turtlebot3_example/turtlebot3_relative_move/__init__.py to __init__.cpython-310.pyc
[0.717s] byte-compiling /home/ju/turtlebotsim/install/turtlebot3_example/lib/python3.10/site-packages/turtlebot3_example/turtlebot3_patrol/turtlebot3_patrol_client.py to turtlebot3_patrol_client.cpython-310.pyc
[0.718s] byte-compiling /home/ju/turtlebotsim/install/turtlebot3_example/lib/python3.10/site-packages/turtlebot3_example/turtlebot3_patrol/turtlebot3_patrol_server.py to turtlebot3_patrol_server.cpython-310.pyc
[0.718s] byte-compiling /home/ju/turtlebotsim/install/turtlebot3_example/lib/python3.10/site-packages/turtlebot3_example/turtlebot3_patrol/__init__.py to __init__.cpython-310.pyc
[0.718s] byte-compiling /home/ju/turtlebotsim/install/turtlebot3_example/lib/python3.10/site-packages/turtlebot3_example/turtlebot3_interactive_marker/turtlebot3_interactive_marker.py to turtlebot3_interactive_marker.cpython-310.pyc
[0.719s] byte-compiling /home/ju/turtlebotsim/install/turtlebot3_example/lib/python3.10/site-packages/turtlebot3_example/turtlebot3_interactive_marker/__init__.py to __init__.cpython-310.pyc
[0.719s] byte-compiling /home/ju/turtlebotsim/install/turtlebot3_example/lib/python3.10/site-packages/turtlebot3_example/turtlebot3_obstacle_detection/turtlebot3_obstacle_detection.py to turtlebot3_obstacle_detection.cpython-310.pyc
[0.719s] byte-compiling /home/ju/turtlebotsim/install/turtlebot3_example/lib/python3.10/site-packages/turtlebot3_example/turtlebot3_obstacle_detection/__init__.py to __init__.cpython-310.pyc
[0.719s] byte-compiling /home/ju/turtlebotsim/install/turtlebot3_example/lib/python3.10/site-packages/turtlebot3_example/__init__.py to __init__.cpython-310.pyc
[0.719s] byte-compiling /home/ju/turtlebotsim/install/turtlebot3_example/lib/python3.10/site-packages/turtlebot3_example/turtlebot3_absolute_move/turtlebot3_absolute_move.py to turtlebot3_absolute_move.cpython-310.pyc
[0.720s] byte-compiling /home/ju/turtlebotsim/install/turtlebot3_example/lib/python3.10/site-packages/turtlebot3_example/turtlebot3_absolute_move/__init__.py to __init__.cpython-310.pyc
[0.720s] running install_data
[0.720s] creating /home/ju/turtlebotsim/install/turtlebot3_example/share/ament_index
[0.720s] creating /home/ju/turtlebotsim/install/turtlebot3_example/share/ament_index/resource_index
[0.720s] creating /home/ju/turtlebotsim/install/turtlebot3_example/share/ament_index/resource_index/packages
[0.720s] copying resource/turtlebot3_example -> /home/ju/turtlebotsim/install/turtlebot3_example/share/ament_index/resource_index/packages
[0.720s] copying package.xml -> /home/ju/turtlebotsim/install/turtlebot3_example/share/turtlebot3_example
[0.720s] running install_egg_info
[0.721s] Copying ../../../build/turtlebot3_example/turtlebot3_example.egg-info to /home/ju/turtlebotsim/install/turtlebot3_example/lib/python3.10/site-packages/turtlebot3_example-2.2.9-py3.10.egg-info
[0.721s] running install_scripts
[0.733s] Installing turtlebot3_absolute_move script to /home/ju/turtlebotsim/install/turtlebot3_example/lib/turtlebot3_example
[0.733s] Installing turtlebot3_interactive_marker script to /home/ju/turtlebotsim/install/turtlebot3_example/lib/turtlebot3_example
[0.733s] Installing turtlebot3_obstacle_detection script to /home/ju/turtlebotsim/install/turtlebot3_example/lib/turtlebot3_example
[0.733s] Installing turtlebot3_patrol_client script to /home/ju/turtlebotsim/install/turtlebot3_example/lib/turtlebot3_example
[0.733s] Installing turtlebot3_patrol_server script to /home/ju/turtlebotsim/install/turtlebot3_example/lib/turtlebot3_example
[0.733s] Installing turtlebot3_relative_move script to /home/ju/turtlebotsim/install/turtlebot3_example/lib/turtlebot3_example
[0.733s] writing list of installed files to '/home/ju/turtlebotsim/build/turtlebot3_example/install.log'
[0.749s] Invoked command in '/home/ju/turtlebotsim/src/turtlebot3_robotis/turtlebot3_example' returned '0': PYTHONPATH=/home/ju/turtlebotsim/build/turtlebot3_example/prefix_override:/home/ju/.local/lib/python3.10/site-packages/colcon_core/task/python/colcon_distutils_commands:/home/ju/turtlebotsim/install/turtlebot3_example/lib/python3.10/site-packages:${PYTHONPATH} /usr/bin/python3 -W ignore:setup.py install is deprecated setup.py egg_info --egg-base ../../../build/turtlebot3_example build --build-base /home/ju/turtlebotsim/build/turtlebot3_example/build install --record /home/ju/turtlebotsim/build/turtlebot3_example/install.log --single-version-externally-managed install_data
