[0.537s] Invoking command in '/home/ju/turtlebotsim/src/turtlebot3_robotis/turtlebot3_teleop': PYTHONPATH=/home/ju/turtlebotsim/build/turtlebot3_teleop/prefix_override:/home/ju/.local/lib/python3.10/site-packages/colcon_core/task/python/colcon_distutils_commands:/home/ju/turtlebotsim/install/turtlebot3_teleop/lib/python3.10/site-packages:${PYTHONPATH} /usr/bin/python3 -W ignore:setup.py install is deprecated setup.py egg_info --egg-base ../../../build/turtlebot3_teleop build --build-base /home/ju/turtlebotsim/build/turtlebot3_teleop/build install --record /home/ju/turtlebotsim/build/turtlebot3_teleop/install.log --single-version-externally-managed install_data
[0.666s] running egg_info
[0.666s] writing ../../../build/turtlebot3_teleop/turtlebot3_teleop.egg-info/PKG-INFO
[0.666s] writing dependency_links to ../../../build/turtlebot3_teleop/turtlebot3_teleop.egg-info/dependency_links.txt
[0.666s] writing entry points to ../../../build/turtlebot3_teleop/turtlebot3_teleop.egg-info/entry_points.txt
[0.667s] writing requirements to ../../../build/turtlebot3_teleop/turtlebot3_teleop.egg-info/requires.txt
[0.667s] writing top-level names to ../../../build/turtlebot3_teleop/turtlebot3_teleop.egg-info/top_level.txt
[0.668s] reading manifest file '../../../build/turtlebot3_teleop/turtlebot3_teleop.egg-info/SOURCES.txt'
[0.668s] writing manifest file '../../../build/turtlebot3_teleop/turtlebot3_teleop.egg-info/SOURCES.txt'
[0.668s] running build
[0.668s] running build_py
[0.669s] running install
[0.669s] running install_lib
[0.669s] running install_data
[0.669s] running install_egg_info
[0.670s] removing '/home/ju/turtlebotsim/install/turtlebot3_teleop/lib/python3.10/site-packages/turtlebot3_teleop-2.2.9-py3.10.egg-info' (and everything under it)
[0.670s] Copying ../../../build/turtlebot3_teleop/turtlebot3_teleop.egg-info to /home/ju/turtlebotsim/install/turtlebot3_teleop/lib/python3.10/site-packages/turtlebot3_teleop-2.2.9-py3.10.egg-info
[0.671s] running install_scripts
[0.682s] Installing teleop_keyboard script to /home/ju/turtlebotsim/install/turtlebot3_teleop/lib/turtlebot3_teleop
[0.682s] writing list of installed files to '/home/ju/turtlebotsim/build/turtlebot3_teleop/install.log'
[0.696s] Invoked command in '/home/ju/turtlebotsim/src/turtlebot3_robotis/turtlebot3_teleop' returned '0': PYTHONPATH=/home/ju/turtlebotsim/build/turtlebot3_teleop/prefix_override:/home/ju/.local/lib/python3.10/site-packages/colcon_core/task/python/colcon_distutils_commands:/home/ju/turtlebotsim/install/turtlebot3_teleop/lib/python3.10/site-packages:${PYTHONPATH} /usr/bin/python3 -W ignore:setup.py install is deprecated setup.py egg_info --egg-base ../../../build/turtlebot3_teleop build --build-base /home/ju/turtlebotsim/build/turtlebot3_teleop/build install --record /home/ju/turtlebotsim/build/turtlebot3_teleop/install.log --single-version-externally-managed install_data
