[0.699s] Invoking command in '/home/ju/turtlebotsim/src/turtlebot3_robotis/turtlebot3_teleop': PYTHONPATH=/home/ju/turtlebotsim/build/turtlebot3_teleop/prefix_override:/home/ju/.local/lib/python3.10/site-packages/colcon_core/task/python/colcon_distutils_commands:/home/ju/turtlebotsim/install/turtlebot3_teleop/lib/python3.10/site-packages:${PYTHONPATH} /usr/bin/python3 -W ignore:setup.py install is deprecated setup.py egg_info --egg-base ../../../build/turtlebot3_teleop build --build-base /home/ju/turtlebotsim/build/turtlebot3_teleop/build install --record /home/ju/turtlebotsim/build/turtlebot3_teleop/install.log --single-version-externally-managed install_data
[0.829s] running egg_info
[0.829s] creating ../../../build/turtlebot3_teleop/turtlebot3_teleop.egg-info
[0.829s] writing ../../../build/turtlebot3_teleop/turtlebot3_teleop.egg-info/PKG-INFO
[0.829s] writing dependency_links to ../../../build/turtlebot3_teleop/turtlebot3_teleop.egg-info/dependency_links.txt
[0.829s] writing entry points to ../../../build/turtlebot3_teleop/turtlebot3_teleop.egg-info/entry_points.txt
[0.829s] writing requirements to ../../../build/turtlebot3_teleop/turtlebot3_teleop.egg-info/requires.txt
[0.829s] writing top-level names to ../../../build/turtlebot3_teleop/turtlebot3_teleop.egg-info/top_level.txt
[0.830s] writing manifest file '../../../build/turtlebot3_teleop/turtlebot3_teleop.egg-info/SOURCES.txt'
[0.831s] reading manifest file '../../../build/turtlebot3_teleop/turtlebot3_teleop.egg-info/SOURCES.txt'
[0.831s] writing manifest file '../../../build/turtlebot3_teleop/turtlebot3_teleop.egg-info/SOURCES.txt'
[0.831s] running build
[0.831s] running build_py
[0.831s] creating /home/ju/turtlebotsim/build/turtlebot3_teleop/build
[0.831s] creating /home/ju/turtlebotsim/build/turtlebot3_teleop/build/lib
[0.831s] creating /home/ju/turtlebotsim/build/turtlebot3_teleop/build/lib/turtlebot3_teleop
[0.831s] copying turtlebot3_teleop/__init__.py -> /home/ju/turtlebotsim/build/turtlebot3_teleop/build/lib/turtlebot3_teleop
[0.831s] creating /home/ju/turtlebotsim/build/turtlebot3_teleop/build/lib/turtlebot3_teleop/script
[0.831s] copying turtlebot3_teleop/script/teleop_keyboard.py -> /home/ju/turtlebotsim/build/turtlebot3_teleop/build/lib/turtlebot3_teleop/script
[0.831s] copying turtlebot3_teleop/script/__init__.py -> /home/ju/turtlebotsim/build/turtlebot3_teleop/build/lib/turtlebot3_teleop/script
[0.832s] running install
[0.832s] running install_lib
[0.832s] creating /home/ju/turtlebotsim/install/turtlebot3_teleop/lib/python3.10/site-packages/turtlebot3_teleop
[0.832s] creating /home/ju/turtlebotsim/install/turtlebot3_teleop/lib/python3.10/site-packages/turtlebot3_teleop/script
[0.832s] copying /home/ju/turtlebotsim/build/turtlebot3_teleop/build/lib/turtlebot3_teleop/script/teleop_keyboard.py -> /home/ju/turtlebotsim/install/turtlebot3_teleop/lib/python3.10/site-packages/turtlebot3_teleop/script
[0.832s] copying /home/ju/turtlebotsim/build/turtlebot3_teleop/build/lib/turtlebot3_teleop/script/__init__.py -> /home/ju/turtlebotsim/install/turtlebot3_teleop/lib/python3.10/site-packages/turtlebot3_teleop/script
[0.832s] copying /home/ju/turtlebotsim/build/turtlebot3_teleop/build/lib/turtlebot3_teleop/__init__.py -> /home/ju/turtlebotsim/install/turtlebot3_teleop/lib/python3.10/site-packages/turtlebot3_teleop
[0.832s] byte-compiling /home/ju/turtlebotsim/install/turtlebot3_teleop/lib/python3.10/site-packages/turtlebot3_teleop/script/teleop_keyboard.py to teleop_keyboard.cpython-310.pyc
[0.833s] byte-compiling /home/ju/turtlebotsim/install/turtlebot3_teleop/lib/python3.10/site-packages/turtlebot3_teleop/script/__init__.py to __init__.cpython-310.pyc
[0.833s] byte-compiling /home/ju/turtlebotsim/install/turtlebot3_teleop/lib/python3.10/site-packages/turtlebot3_teleop/__init__.py to __init__.cpython-310.pyc
[0.833s] running install_data
[0.833s] creating /home/ju/turtlebotsim/install/turtlebot3_teleop/share/ament_index
[0.833s] creating /home/ju/turtlebotsim/install/turtlebot3_teleop/share/ament_index/resource_index
[0.833s] creating /home/ju/turtlebotsim/install/turtlebot3_teleop/share/ament_index/resource_index/packages
[0.833s] copying resource/turtlebot3_teleop -> /home/ju/turtlebotsim/install/turtlebot3_teleop/share/ament_index/resource_index/packages
[0.833s] copying package.xml -> /home/ju/turtlebotsim/install/turtlebot3_teleop/share/turtlebot3_teleop
[0.833s] running install_egg_info
[0.834s] Copying ../../../build/turtlebot3_teleop/turtlebot3_teleop.egg-info to /home/ju/turtlebotsim/install/turtlebot3_teleop/lib/python3.10/site-packages/turtlebot3_teleop-2.2.9-py3.10.egg-info
[0.835s] running install_scripts
[0.846s] Installing teleop_keyboard script to /home/ju/turtlebotsim/install/turtlebot3_teleop/lib/turtlebot3_teleop
[0.846s] writing list of installed files to '/home/ju/turtlebotsim/build/turtlebot3_teleop/install.log'
[0.861s] Invoked command in '/home/ju/turtlebotsim/src/turtlebot3_robotis/turtlebot3_teleop' returned '0': PYTHONPATH=/home/ju/turtlebotsim/build/turtlebot3_teleop/prefix_override:/home/ju/.local/lib/python3.10/site-packages/colcon_core/task/python/colcon_distutils_commands:/home/ju/turtlebotsim/install/turtlebot3_teleop/lib/python3.10/site-packages:${PYTHONPATH} /usr/bin/python3 -W ignore:setup.py install is deprecated setup.py egg_info --egg-base ../../../build/turtlebot3_teleop build --build-base /home/ju/turtlebotsim/build/turtlebot3_teleop/build install --record /home/ju/turtlebotsim/build/turtlebot3_teleop/install.log --single-version-externally-managed install_data
