[0.019s] Invoking command in '/home/ju/turtlebotsim/build/turtlebot3_description': CMAKE_PREFIX_PATH=/opt/ros/humble /usr/bin/cmake /home/ju/turtlebotsim/src/turtlebot3_robotis/turtlebot3_description -DCMAKE_INSTALL_PREFIX=/home/ju/turtlebotsim/install/turtlebot3_description
[0.329s] -- The C compiler identification is GNU 11.4.0
[0.329s] -- The CXX compiler identification is GNU 11.4.0
[0.329s] -- Detecting C compiler ABI info
[0.329s] -- Detecting C compiler ABI info - done
[0.329s] -- Check for working C compiler: /usr/bin/cc - skipped
[0.330s] -- Detecting C compile features
[0.330s] -- Detecting C compile features - done
[0.330s] -- Detecting CXX compiler ABI info
[0.330s] -- Detecting CXX compiler ABI info - done
[0.330s] -- Check for working CXX compiler: /usr/bin/c++ - skipped
[0.330s] -- Detecting CXX compile features
[0.330s] -- Detecting CXX compile features - done
[0.330s] -- Found ament_cmake: 1.3.11 (/opt/ros/humble/share/ament_cmake/cmake)
[0.330s] -- Found Python3: /usr/bin/python3 (found version "3.10.12") found components: Interpreter 
[0.382s] -- Found urdf: 2.6.1 (/opt/ros/humble/share/urdf/cmake)
[0.469s] -- Configuring done
[0.471s] -- Generating done
[0.473s] -- Build files have been written to: /home/ju/turtlebotsim/build/turtlebot3_description
[0.478s] Invoked command in '/home/ju/turtlebotsim/build/turtlebot3_description' returned '0': CMAKE_PREFIX_PATH=/opt/ros/humble /usr/bin/cmake /home/ju/turtlebotsim/src/turtlebot3_robotis/turtlebot3_description -DCMAKE_INSTALL_PREFIX=/home/ju/turtlebotsim/install/turtlebot3_description
[0.479s] Invoking command in '/home/ju/turtlebotsim/build/turtlebot3_description': CMAKE_PREFIX_PATH=/opt/ros/humble /usr/bin/cmake --build /home/ju/turtlebotsim/build/turtlebot3_description -- -j20 -l20
[0.510s] Invoked command in '/home/ju/turtlebotsim/build/turtlebot3_description' returned '0': CMAKE_PREFIX_PATH=/opt/ros/humble /usr/bin/cmake --build /home/ju/turtlebotsim/build/turtlebot3_description -- -j20 -l20
[0.524s] Invoking command in '/home/ju/turtlebotsim/build/turtlebot3_description': CMAKE_PREFIX_PATH=/opt/ros/humble /usr/bin/cmake --install /home/ju/turtlebotsim/build/turtlebot3_description
[0.529s] -- Install configuration: ""
[0.529s] -- Installing: /home/ju/turtlebotsim/install/turtlebot3_description/share/turtlebot3_description/meshes
[0.529s] -- Installing: /home/ju/turtlebotsim/install/turtlebot3_description/share/turtlebot3_description/meshes/bases
[0.529s] -- Installing: /home/ju/turtlebotsim/install/turtlebot3_description/share/turtlebot3_description/meshes/bases/waffle_base.stl
[0.536s] -- Installing: /home/ju/turtlebotsim/install/turtlebot3_description/share/turtlebot3_description/meshes/bases/waffle_pi_base.stl
[0.540s] -- Installing: /home/ju/turtlebotsim/install/turtlebot3_description/share/turtlebot3_description/meshes/bases/burger_base.stl
[0.542s] -- Installing: /home/ju/turtlebotsim/install/turtlebot3_description/share/turtlebot3_description/meshes/wheels
[0.542s] -- Installing: /home/ju/turtlebotsim/install/turtlebot3_description/share/turtlebot3_description/meshes/wheels/left_tire.stl
[0.542s] -- Installing: /home/ju/turtlebotsim/install/turtlebot3_description/share/turtlebot3_description/meshes/wheels/right_tire.stl
[0.543s] -- Installing: /home/ju/turtlebotsim/install/turtlebot3_description/share/turtlebot3_description/meshes/sensors
[0.543s] -- Installing: /home/ju/turtlebotsim/install/turtlebot3_description/share/turtlebot3_description/meshes/sensors/lds.stl
[0.543s] -- Installing: /home/ju/turtlebotsim/install/turtlebot3_description/share/turtlebot3_description/meshes/sensors/r200.dae
[0.543s] -- Installing: /home/ju/turtlebotsim/install/turtlebot3_description/share/turtlebot3_description/meshes/sensors/r200.jpg
[0.543s] -- Installing: /home/ju/turtlebotsim/install/turtlebot3_description/share/turtlebot3_description/meshes/sensors/astra.jpg
[0.543s] -- Installing: /home/ju/turtlebotsim/install/turtlebot3_description/share/turtlebot3_description/meshes/sensors/astra.dae
[0.547s] -- Installing: /home/ju/turtlebotsim/install/turtlebot3_description/share/turtlebot3_description/rviz
[0.547s] -- Installing: /home/ju/turtlebotsim/install/turtlebot3_description/share/turtlebot3_description/rviz/model.rviz
[0.547s] -- Installing: /home/ju/turtlebotsim/install/turtlebot3_description/share/turtlebot3_description/urdf
[0.547s] -- Installing: /home/ju/turtlebotsim/install/turtlebot3_description/share/turtlebot3_description/urdf/common_properties.urdf
[0.547s] -- Installing: /home/ju/turtlebotsim/install/turtlebot3_description/share/turtlebot3_description/urdf/turtlebot3_waffle.urdf
[0.547s] -- Installing: /home/ju/turtlebotsim/install/turtlebot3_description/share/turtlebot3_description/urdf/turtlebot3_waffle_pi.urdf
[0.547s] -- Installing: /home/ju/turtlebotsim/install/turtlebot3_description/share/turtlebot3_description/urdf/turtlebot3_burger.urdf
[0.547s] -- Installing: /home/ju/turtlebotsim/install/turtlebot3_description/share/turtlebot3_description/urdf/turtlebot3_burger.sdf
[0.548s] -- Installing: /home/ju/turtlebotsim/install/turtlebot3_description/share/ament_index/resource_index/package_run_dependencies/turtlebot3_description
[0.548s] -- Installing: /home/ju/turtlebotsim/install/turtlebot3_description/share/ament_index/resource_index/parent_prefix_path/turtlebot3_description
[0.548s] -- Installing: /home/ju/turtlebotsim/install/turtlebot3_description/share/turtlebot3_description/environment/ament_prefix_path.sh
[0.548s] -- Installing: /home/ju/turtlebotsim/install/turtlebot3_description/share/turtlebot3_description/environment/ament_prefix_path.dsv
[0.548s] -- Installing: /home/ju/turtlebotsim/install/turtlebot3_description/share/turtlebot3_description/environment/path.sh
[0.548s] -- Installing: /home/ju/turtlebotsim/install/turtlebot3_description/share/turtlebot3_description/environment/path.dsv
[0.548s] -- Installing: /home/ju/turtlebotsim/install/turtlebot3_description/share/turtlebot3_description/local_setup.bash
[0.548s] -- Installing: /home/ju/turtlebotsim/install/turtlebot3_description/share/turtlebot3_description/local_setup.sh
[0.548s] -- Installing: /home/ju/turtlebotsim/install/turtlebot3_description/share/turtlebot3_description/local_setup.zsh
[0.548s] -- Installing: /home/ju/turtlebotsim/install/turtlebot3_description/share/turtlebot3_description/local_setup.dsv
[0.548s] -- Installing: /home/ju/turtlebotsim/install/turtlebot3_description/share/turtlebot3_description/package.dsv
[0.548s] -- Installing: /home/ju/turtlebotsim/install/turtlebot3_description/share/ament_index/resource_index/packages/turtlebot3_description
[0.548s] -- Installing: /home/ju/turtlebotsim/install/turtlebot3_description/share/turtlebot3_description/cmake/turtlebot3_descriptionConfig.cmake
[0.548s] -- Installing: /home/ju/turtlebotsim/install/turtlebot3_description/share/turtlebot3_description/cmake/turtlebot3_descriptionConfig-version.cmake
[0.548s] -- Installing: /home/ju/turtlebotsim/install/turtlebot3_description/share/turtlebot3_description/package.xml
[0.549s] Invoked command in '/home/ju/turtlebotsim/build/turtlebot3_description' returned '0': CMAKE_PREFIX_PATH=/opt/ros/humble /usr/bin/cmake --install /home/ju/turtlebotsim/build/turtlebot3_description
