[0.008s] Invoking command in '/home/ju/turtlebotsim/build/turtlebot3': CMAKE_PREFIX_PATH=${CMAKE_PREFIX_PATH}:/opt/ros/humble /usr/bin/cmake --build /home/ju/turtlebotsim/build/turtlebot3 -- -j20 -l20
[0.024s] -- Found ament_cmake: 1.3.11 (/opt/ros/humble/share/ament_cmake/cmake)
[0.113s] -- Found rclcpp: 16.0.12 (/opt/ros/humble/share/rclcpp/cmake)
[0.135s] -- Found rosidl_generator_c: 3.1.6 (/opt/ros/humble/share/rosidl_generator_c/cmake)
[0.137s] -- Found rosidl_adapter: 3.1.6 (/opt/ros/humble/share/rosidl_adapter/cmake)
[0.142s] -- Found rosidl_generator_cpp: 3.1.6 (/opt/ros/humble/share/rosidl_generator_cpp/cmake)
[0.148s] -- Using all available rosidl_typesupport_c: rosidl_typesupport_fastrtps_c;rosidl_typesupport_introspection_c
[0.156s] -- Using all available rosidl_typesupport_cpp: rosidl_typesupport_fastrtps_cpp;rosidl_typesupport_introspection_cpp
[0.178s] -- Found rmw_implementation_cmake: 6.1.2 (/opt/ros/humble/share/rmw_implementation_cmake/cmake)
[0.180s] -- Found rmw_fastrtps_cpp: 6.2.7 (/opt/ros/humble/share/rmw_fastrtps_cpp/cmake)
[0.250s] -- Using RMW implementation 'rmw_fastrtps_cpp' as default
[0.284s] -- Found rclcpp_action: 16.0.12 (/opt/ros/humble/share/rclcpp_action/cmake)
[0.305s] -- Found geometry_msgs: 4.8.0 (/opt/ros/humble/share/geometry_msgs/cmake)
[0.314s] -- Found nav_msgs: 4.8.0 (/opt/ros/humble/share/nav_msgs/cmake)
[0.324s] -- Found nav2_msgs: 1.1.18 (/opt/ros/humble/share/nav2_msgs/cmake)
[0.344s] [31mCMake Error at CMakeLists.txt:59 (install):
[0.344s]   install TARGETS given target "map_to_stl_topic" which does not exist.
[0.344s] 
[0.344s] [0m
[0.344s] -- Found ament_lint_auto: 0.12.12 (/opt/ros/humble/share/ament_lint_auto/cmake)
[0.384s] -- Added test 'cppcheck' to perform static code analysis on C / C++ code
[0.384s] -- Configured cppcheck include dirs: 
[0.384s] -- Configured cppcheck exclude dirs and/or files: 
[0.384s] -- Added test 'flake8' to check Python code syntax and style conventions
[0.385s] -- Added test 'lint_cmake' to check CMake code style
[0.385s] -- Added test 'pep257' to check Python code against some of the docstring style conventions in PEP 257
[0.386s] -- Added test 'uncrustify' to check C / C++ code style
[0.386s] -- Configured uncrustify additional arguments: 
[0.386s] -- Added test 'xmllint' to check XML markup files
[0.387s] -- Configuring incomplete, errors occurred!
[0.387s] See also "/home/ju/turtlebotsim/build/turtlebot3/CMakeFiles/CMakeOutput.log".
[0.392s] gmake: *** [Makefile:349: cmake_check_build_system] Error 1
[0.394s] Invoked command in '/home/ju/turtlebotsim/build/turtlebot3' returned '2': CMAKE_PREFIX_PATH=${CMAKE_PREFIX_PATH}:/opt/ros/humble /usr/bin/cmake --build /home/ju/turtlebotsim/build/turtlebot3 -- -j20 -l20
