[35m[1mConsolidate compiler generated dependencies of target goal_pose_to_nav2[0m
[ 40%] Built target cmd_vel_halver
[ 40%] Built target map_to_world_node
[ 60%] Built target map_to_stl_topic
[ 70%] [32mBuilding CXX object CMakeFiles/goal_pose_to_nav2.dir/nodes/goal_pose_to_nav2.cpp.o[0m
[ 90%] Built target map_to_stl_node
In file included from [01m[K/opt/ros/humble/include/rclcpp/rclcpp/logging.hpp:24[m[K,
                 from [01m[K/opt/ros/humble/include/rclcpp/rclcpp/client.hpp:40[m[K,
                 from [01m[K/opt/ros/humble/include/rclcpp/rclcpp/callback_group.hpp:24[m[K,
                 from [01m[K/opt/ros/humble/include/rclcpp/rclcpp/any_executable.hpp:20[m[K,
                 from [01m[K/opt/ros/humble/include/rclcpp/rclcpp/memory_strategy.hpp:25[m[K,
                 from [01m[K/opt/ros/humble/include/rclcpp/rclcpp/memory_strategies.hpp:18[m[K,
                 from [01m[K/opt/ros/humble/include/rclcpp/rclcpp/executor_options.hpp:20[m[K,
                 from [01m[K/opt/ros/humble/include/rclcpp/rclcpp/executor.hpp:37[m[K,
                 from [01m[K/opt/ros/humble/include/rclcpp/rclcpp/executors/multi_threaded_executor.hpp:25[m[K,
                 from [01m[K/opt/ros/humble/include/rclcpp/rclcpp/executors.hpp:21[m[K,
                 from [01m[K/opt/ros/humble/include/rclcpp/rclcpp/rclcpp.hpp:155[m[K,
                 from [01m[K/home/ju/turtlebotsim/src/turtlebot3/nodes/goal_pose_to_nav2.cpp:1[m[K:
[01m[K/home/ju/turtlebotsim/src/turtlebot3/nodes/goal_pose_to_nav2.cpp:[m[K In member function ‘[01m[Kvoid GoalMover::move_to_goal()[m[K’:
[01m[K/home/ju/turtlebotsim/src/turtlebot3/nodes/goal_pose_to_nav2.cpp:90:41:[m[K [01;35m[Kwarning: [m[Kformat ‘[01m[K%d[m[K’ expects argument of type ‘[01m[Kint[m[K’, but argument 5 has type ‘[01m[Kdouble[m[K’ [[01;35m[K]8;;https://gcc.gnu.org/onlinedocs/gcc/Warning-Options.html#index-Wformat=-Wformat=]8;;[m[K]
   90 |         RCLCPP_INFO(this->get_logger(), [01;35m[K"%d"[m[K, [32m[Kyaw_error[m[K);
      |                                         [01;35m[K^~~~[m[K  [32m[K~~~~~~~~~[m[K
      |                                               [32m[K|[m[K
      |                                               [32m[Kdouble[m[K
[01m[K/home/ju/turtlebotsim/src/turtlebot3/nodes/goal_pose_to_nav2.cpp:90:43:[m[K [01;36m[Knote: [m[Kformat string is defined here
   90 |         RCLCPP_INFO(this->get_logger(), "[01;36m[K%d[m[K", yaw_error);
      |                                          [01;36m[K~^[m[K
      |                                           [01;36m[K|[m[K
      |                                           [01;36m[Kint[m[K
      |                                          [32m[K%f[m[K
[100%] [32m[1mLinking CXX executable goal_pose_to_nav2[0m
[100%] Built target goal_pose_to_nav2
-- Install configuration: ""
-- Up-to-date: /home/ju/turtlebotsim/install/turtlebot3/share/turtlebot3/launch
-- Up-to-date: /home/ju/turtlebotsim/install/turtlebot3/share/turtlebot3/launch/__pycache__
-- Up-to-date: /home/ju/turtlebotsim/install/turtlebot3/share/turtlebot3/launch/__pycache__/map_to_stl.launch.cpython-310.pyc
-- Up-to-date: /home/ju/turtlebotsim/install/turtlebot3/share/turtlebot3/launch/cmd_vel_halver.launch.py
-- Up-to-date: /home/ju/turtlebotsim/install/turtlebot3/share/turtlebot3/launch/ros_ign_bridge.launch.py
-- Up-to-date: /home/ju/turtlebotsim/install/turtlebot3/share/turtlebot3/launch/map_to_stl_topic.launch.py
-- Up-to-date: /home/ju/turtlebotsim/install/turtlebot3/share/turtlebot3/launch/goal_pose_to_nav2.launch.py
-- Up-to-date: /home/ju/turtlebotsim/install/turtlebot3/share/turtlebot3/launch/navigation2.launch.py
-- Up-to-date: /home/ju/turtlebotsim/install/turtlebot3/share/turtlebot3/launch/simulation.launch.py
-- Up-to-date: /home/ju/turtlebotsim/install/turtlebot3/share/turtlebot3/launch/robot_state_publisher.launch.py
-- Up-to-date: /home/ju/turtlebotsim/install/turtlebot3/share/turtlebot3/launch/map_to_stl.launch.py
-- Up-to-date: /home/ju/turtlebotsim/install/turtlebot3/share/turtlebot3/launch/map_to_world.launch.py
-- Up-to-date: /home/ju/turtlebotsim/install/turtlebot3/share/turtlebot3/models
-- Up-to-date: /home/ju/turtlebotsim/install/turtlebot3/share/turtlebot3/models/turtlebot3
-- Up-to-date: /home/ju/turtlebotsim/install/turtlebot3/share/turtlebot3/models/turtlebot3/meshes
-- Up-to-date: /home/ju/turtlebotsim/install/turtlebot3/share/turtlebot3/models/turtlebot3/meshes/lds.dae
-- Up-to-date: /home/ju/turtlebotsim/install/turtlebot3/share/turtlebot3/models/turtlebot3/meshes/waffle_pi_base.dae
-- Up-to-date: /home/ju/turtlebotsim/install/turtlebot3/share/turtlebot3/models/turtlebot3/meshes/r200.dae
-- Up-to-date: /home/ju/turtlebotsim/install/turtlebot3/share/turtlebot3/models/turtlebot3/meshes/burger_base.dae
-- Up-to-date: /home/ju/turtlebotsim/install/turtlebot3/share/turtlebot3/models/turtlebot3/meshes/tire.dae
-- Up-to-date: /home/ju/turtlebotsim/install/turtlebot3/share/turtlebot3/models/turtlebot3/meshes/waffle_base.dae
-- Up-to-date: /home/ju/turtlebotsim/install/turtlebot3/share/turtlebot3/models/turtlebot3/model.sdf
-- Up-to-date: /home/ju/turtlebotsim/install/turtlebot3/share/turtlebot3/models/turtlebot3/model.config
-- Up-to-date: /home/ju/turtlebotsim/install/turtlebot3/share/turtlebot3/models/worlds
-- Up-to-date: /home/ju/turtlebotsim/install/turtlebot3/share/turtlebot3/models/worlds/empty_world.sdf
-- Up-to-date: /home/ju/turtlebotsim/install/turtlebot3/share/turtlebot3/models/worlds/world_only.sdf
-- Installing: /home/ju/turtlebotsim/install/turtlebot3/share/turtlebot3/models/worlds/auto_generated_world.sdf
-- Up-to-date: /home/ju/turtlebotsim/install/turtlebot3/share/turtlebot3/models/worlds/meshes
-- Up-to-date: /home/ju/turtlebotsim/install/turtlebot3/share/turtlebot3/models/worlds/meshes/wall.dae
-- Up-to-date: /home/ju/turtlebotsim/install/turtlebot3/share/turtlebot3/models/worlds/meshes/hexagon.dae
-- Up-to-date: /home/ju/turtlebotsim/install/turtlebot3/share/turtlebot3/models/worlds/model.sdf
-- Up-to-date: /home/ju/turtlebotsim/install/turtlebot3/share/turtlebot3/maps
-- Up-to-date: /home/ju/turtlebotsim/install/turtlebot3/share/turtlebot3/maps/turtlebot3_world.pgm
-- Up-to-date: /home/ju/turtlebotsim/install/turtlebot3/share/turtlebot3/maps/turtlebot3_world.yaml
-- Up-to-date: /home/ju/turtlebotsim/install/turtlebot3/share/turtlebot3/params
-- Up-to-date: /home/ju/turtlebotsim/install/turtlebot3/share/turtlebot3/params/burger.yaml
-- Up-to-date: /home/ju/turtlebotsim/install/turtlebot3/share/turtlebot3/params/waffle.yaml
-- Up-to-date: /home/ju/turtlebotsim/install/turtlebot3/lib/turtlebot3/map_to_stl_node.cpp
-- Up-to-date: /home/ju/turtlebotsim/install/turtlebot3/lib/turtlebot3/map_to_world_node.cpp
-- Installing: /home/ju/turtlebotsim/install/turtlebot3/lib/turtlebot3/goal_pose_to_nav2.cpp
-- Up-to-date: /home/ju/turtlebotsim/install/turtlebot3/lib/turtlebot3/map_to_stl_topic.cpp
-- Up-to-date: /home/ju/turtlebotsim/install/turtlebot3/lib/turtlebot3/map_to_stl_topic
-- Up-to-date: /home/ju/turtlebotsim/install/turtlebot3/lib/turtlebot3/cmd_vel_halver
-- Up-to-date: /home/ju/turtlebotsim/install/turtlebot3/lib/turtlebot3/map_to_stl_node
-- Up-to-date: /home/ju/turtlebotsim/install/turtlebot3/lib/turtlebot3/map_to_world_node
-- Installing: /home/ju/turtlebotsim/install/turtlebot3/lib/turtlebot3/goal_pose_to_nav2
-- Set runtime path of "/home/ju/turtlebotsim/install/turtlebot3/lib/turtlebot3/goal_pose_to_nav2" to ""
-- Up-to-date: /home/ju/turtlebotsim/install/turtlebot3/lib/turtlebot3/map_to_stl_topic
-- Up-to-date: /home/ju/turtlebotsim/install/turtlebot3/lib/turtlebot3/goal_pose_to_nav2
-- Up-to-date: /home/ju/turtlebotsim/install/turtlebot3/share/ament_index/resource_index/package_run_dependencies/turtlebot3
-- Up-to-date: /home/ju/turtlebotsim/install/turtlebot3/share/ament_index/resource_index/parent_prefix_path/turtlebot3
-- Up-to-date: /home/ju/turtlebotsim/install/turtlebot3/share/turtlebot3/environment/ament_prefix_path.sh
-- Up-to-date: /home/ju/turtlebotsim/install/turtlebot3/share/turtlebot3/environment/ament_prefix_path.dsv
-- Up-to-date: /home/ju/turtlebotsim/install/turtlebot3/share/turtlebot3/environment/path.sh
-- Up-to-date: /home/ju/turtlebotsim/install/turtlebot3/share/turtlebot3/environment/path.dsv
-- Up-to-date: /home/ju/turtlebotsim/install/turtlebot3/share/turtlebot3/local_setup.bash
-- Up-to-date: /home/ju/turtlebotsim/install/turtlebot3/share/turtlebot3/local_setup.sh
-- Up-to-date: /home/ju/turtlebotsim/install/turtlebot3/share/turtlebot3/local_setup.zsh
-- Up-to-date: /home/ju/turtlebotsim/install/turtlebot3/share/turtlebot3/local_setup.dsv
-- Installing: /home/ju/turtlebotsim/install/turtlebot3/share/turtlebot3/package.dsv
-- Up-to-date: /home/ju/turtlebotsim/install/turtlebot3/share/ament_index/resource_index/packages/turtlebot3
-- Up-to-date: /home/ju/turtlebotsim/install/turtlebot3/share/turtlebot3/cmake/turtlebot3Config.cmake
-- Up-to-date: /home/ju/turtlebotsim/install/turtlebot3/share/turtlebot3/cmake/turtlebot3Config-version.cmake
-- Up-to-date: /home/ju/turtlebotsim/install/turtlebot3/share/turtlebot3/package.xml
