[0.006s] Invoking command in '/home/ju/turtlebotsim/build/turtlebot3_description': CMAKE_PREFIX_PATH=${CMAKE_PREFIX_PATH}:/opt/ros/humble /usr/bin/cmake /home/ju/turtlebotsim/src/turtlebot3_robotis/turtlebot3_description -DCMAKE_INSTALL_PREFIX=/home/ju/turtlebotsim/install/turtlebot3_description
[0.038s] -- The C compiler identification is GNU 11.4.0
[0.072s] -- The CXX compiler identification is GNU 11.4.0
[0.076s] -- Detecting C compiler ABI info
[0.121s] -- Detecting C compiler ABI info - done
[0.126s] -- Check for working C compiler: /usr/bin/cc - skipped
[0.126s] -- Detecting C compile features
[0.126s] -- Detecting C compile features - done
[0.128s] -- Detecting CXX compiler ABI info
[0.173s] -- Detecting CXX compiler ABI info - done
[0.179s] -- Check for working CXX compiler: /usr/bin/c++ - skipped
[0.179s] -- Detecting CXX compile features
[0.180s] -- Detecting CXX compile features - done
[0.181s] -- Found ament_cmake: 1.3.11 (/opt/ros/humble/share/ament_cmake/cmake)
[0.286s] -- Found Python3: /usr/bin/python3 (found version "3.10.12") found components: Interpreter 
[0.349s] -- Found urdf: 2.6.1 (/opt/ros/humble/share/urdf/cmake)
[0.435s] -- Configuring done
[0.436s] -- Generating done
[0.437s] -- Build files have been written to: /home/ju/turtlebotsim/build/turtlebot3_description
[0.441s] Invoked command in '/home/ju/turtlebotsim/build/turtlebot3_description' returned '0': CMAKE_PREFIX_PATH=${CMAKE_PREFIX_PATH}:/opt/ros/humble /usr/bin/cmake /home/ju/turtlebotsim/src/turtlebot3_robotis/turtlebot3_description -DCMAKE_INSTALL_PREFIX=/home/ju/turtlebotsim/install/turtlebot3_description
[0.442s] Invoking command in '/home/ju/turtlebotsim/build/turtlebot3_description': CMAKE_PREFIX_PATH=${CMAKE_PREFIX_PATH}:/opt/ros/humble /usr/bin/cmake --build /home/ju/turtlebotsim/build/turtlebot3_description -- -j20 -l20
[0.469s] Invoked command in '/home/ju/turtlebotsim/build/turtlebot3_description' returned '0': CMAKE_PREFIX_PATH=${CMAKE_PREFIX_PATH}:/opt/ros/humble /usr/bin/cmake --build /home/ju/turtlebotsim/build/turtlebot3_description -- -j20 -l20
[0.491s] Invoking command in '/home/ju/turtlebotsim/build/turtlebot3_description': CMAKE_PREFIX_PATH=${CMAKE_PREFIX_PATH}:/opt/ros/humble /usr/bin/cmake --install /home/ju/turtlebotsim/build/turtlebot3_description
[0.495s] -- Install configuration: ""
[0.495s] -- Installing: /home/ju/turtlebotsim/install/turtlebot3_description/share/turtlebot3_description/meshes
[0.495s] -- Installing: /home/ju/turtlebotsim/install/turtlebot3_description/share/turtlebot3_description/meshes/bases
[0.496s] -- Installing: /home/ju/turtlebotsim/install/turtlebot3_description/share/turtlebot3_description/meshes/bases/waffle_base.stl
[0.504s] -- Installing: /home/ju/turtlebotsim/install/turtlebot3_description/share/turtlebot3_description/meshes/bases/waffle_pi_base.stl
[0.507s] -- Installing: /home/ju/turtlebotsim/install/turtlebot3_description/share/turtlebot3_description/meshes/bases/burger_base.stl
[0.510s] -- Installing: /home/ju/turtlebotsim/install/turtlebot3_description/share/turtlebot3_description/meshes/wheels
[0.510s] -- Installing: /home/ju/turtlebotsim/install/turtlebot3_description/share/turtlebot3_description/meshes/wheels/left_tire.stl
[0.510s] -- Installing: /home/ju/turtlebotsim/install/turtlebot3_description/share/turtlebot3_description/meshes/wheels/right_tire.stl
[0.511s] -- Installing: /home/ju/turtlebotsim/install/turtlebot3_description/share/turtlebot3_description/meshes/sensors
[0.511s] -- Installing: /home/ju/turtlebotsim/install/turtlebot3_description/share/turtlebot3_description/meshes/sensors/lds.stl
[0.511s] -- Installing: /home/ju/turtlebotsim/install/turtlebot3_description/share/turtlebot3_description/meshes/sensors/r200.dae
[0.511s] -- Installing: /home/ju/turtlebotsim/install/turtlebot3_description/share/turtlebot3_description/meshes/sensors/r200.jpg
[0.511s] -- Installing: /home/ju/turtlebotsim/install/turtlebot3_description/share/turtlebot3_description/meshes/sensors/astra.jpg
[0.511s] -- Installing: /home/ju/turtlebotsim/install/turtlebot3_description/share/turtlebot3_description/meshes/sensors/astra.dae
[0.516s] -- Installing: /home/ju/turtlebotsim/install/turtlebot3_description/share/turtlebot3_description/rviz
[0.516s] -- Installing: /home/ju/turtlebotsim/install/turtlebot3_description/share/turtlebot3_description/rviz/model.rviz
[0.516s] -- Installing: /home/ju/turtlebotsim/install/turtlebot3_description/share/turtlebot3_description/urdf
[0.516s] -- Installing: /home/ju/turtlebotsim/install/turtlebot3_description/share/turtlebot3_description/urdf/common_properties.urdf
[0.516s] -- Installing: /home/ju/turtlebotsim/install/turtlebot3_description/share/turtlebot3_description/urdf/turtlebot3_waffle.urdf
[0.516s] -- Installing: /home/ju/turtlebotsim/install/turtlebot3_description/share/turtlebot3_description/urdf/turtlebot3_waffle_pi.urdf
[0.516s] -- Installing: /home/ju/turtlebotsim/install/turtlebot3_description/share/turtlebot3_description/urdf/turtlebot3_burger.urdf
[0.516s] -- Installing: /home/ju/turtlebotsim/install/turtlebot3_description/share/turtlebot3_description/urdf/turtlebot3_burger.sdf
[0.516s] -- Installing: /home/ju/turtlebotsim/install/turtlebot3_description/share/ament_index/resource_index/package_run_dependencies/turtlebot3_description
[0.516s] -- Installing: /home/ju/turtlebotsim/install/turtlebot3_description/share/ament_index/resource_index/parent_prefix_path/turtlebot3_description
[0.516s] -- Installing: /home/ju/turtlebotsim/install/turtlebot3_description/share/turtlebot3_description/environment/ament_prefix_path.sh
[0.516s] -- Installing: /home/ju/turtlebotsim/install/turtlebot3_description/share/turtlebot3_description/environment/ament_prefix_path.dsv
[0.516s] -- Installing: /home/ju/turtlebotsim/install/turtlebot3_description/share/turtlebot3_description/environment/path.sh
[0.516s] -- Installing: /home/ju/turtlebotsim/install/turtlebot3_description/share/turtlebot3_description/environment/path.dsv
[0.516s] -- Installing: /home/ju/turtlebotsim/install/turtlebot3_description/share/turtlebot3_description/local_setup.bash
[0.516s] -- Installing: /home/ju/turtlebotsim/install/turtlebot3_description/share/turtlebot3_description/local_setup.sh
[0.516s] -- Installing: /home/ju/turtlebotsim/install/turtlebot3_description/share/turtlebot3_description/local_setup.zsh
[0.516s] -- Installing: /home/ju/turtlebotsim/install/turtlebot3_description/share/turtlebot3_description/local_setup.dsv
[0.516s] -- Installing: /home/ju/turtlebotsim/install/turtlebot3_description/share/turtlebot3_description/package.dsv
[0.516s] -- Installing: /home/ju/turtlebotsim/install/turtlebot3_description/share/ament_index/resource_index/packages/turtlebot3_description
[0.517s] -- Installing: /home/ju/turtlebotsim/install/turtlebot3_description/share/turtlebot3_description/cmake/turtlebot3_descriptionConfig.cmake
[0.517s] -- Installing: /home/ju/turtlebotsim/install/turtlebot3_description/share/turtlebot3_description/cmake/turtlebot3_descriptionConfig-version.cmake
[0.517s] -- Installing: /home/ju/turtlebotsim/install/turtlebot3_description/share/turtlebot3_description/package.xml
[0.518s] Invoked command in '/home/ju/turtlebotsim/build/turtlebot3_description' returned '0': CMAKE_PREFIX_PATH=${CMAKE_PREFIX_PATH}:/opt/ros/humble /usr/bin/cmake --install /home/ju/turtlebotsim/build/turtlebot3_description
