[0.008s] Invoking command in '/home/ju/turtlebotsim/build/turtlebot3': CMAKE_PREFIX_PATH=/opt/ros/humble /usr/bin/cmake --build /home/ju/turtlebotsim/build/turtlebot3 -- -j20 -l20
[0.042s] [35m[1mConsolidate compiler generated dependencies of target map_to_world_node[0m
[0.052s] [ 16%] [32mBuilding CXX object CMakeFiles/map_to_stl_node.dir/nodes/map_to_stl_node.cpp.o[0m
[0.052s] [ 50%] Built target goal_pose_to_nav2
[0.053s] [ 66%] [32mBuilding CXX object CMakeFiles/map_to_world_node.dir/nodes/map_to_world_node.cpp.o[0m
[1.624s] [ 83%] [32m[1mLinking CXX executable map_to_world_node[0m
[1.690s] [ 83%] Built target map_to_world_node
[2.707s] [100%] [32m[1mLinking CXX executable map_to_stl_node[0m
[3.028s] [100%] Built target map_to_stl_node
[3.040s] Invoked command in '/home/ju/turtlebotsim/build/turtlebot3' returned '0': CMAKE_PREFIX_PATH=/opt/ros/humble /usr/bin/cmake --build /home/ju/turtlebotsim/build/turtlebot3 -- -j20 -l20
[3.066s] Invoking command in '/home/ju/turtlebotsim/build/turtlebot3': CMAKE_PREFIX_PATH=/opt/ros/humble /usr/bin/cmake --install /home/ju/turtlebotsim/build/turtlebot3
[3.071s] -- Install configuration: ""
[3.071s] -- Up-to-date: /home/ju/turtlebotsim/install/turtlebot3/share/turtlebot3/launch
[3.071s] -- Up-to-date: /home/ju/turtlebotsim/install/turtlebot3/share/turtlebot3/launch/__pycache__
[3.071s] -- Up-to-date: /home/ju/turtlebotsim/install/turtlebot3/share/turtlebot3/launch/__pycache__/map_to_stl.launch.cpython-310.pyc
[3.071s] -- Up-to-date: /home/ju/turtlebotsim/install/turtlebot3/share/turtlebot3/launch/ros_ign_bridge.launch.py
[3.071s] -- Up-to-date: /home/ju/turtlebotsim/install/turtlebot3/share/turtlebot3/launch/goal_pose_to_nav2.launch.py
[3.071s] -- Up-to-date: /home/ju/turtlebotsim/install/turtlebot3/share/turtlebot3/launch/navigation2.launch.py
[3.071s] -- Up-to-date: /home/ju/turtlebotsim/install/turtlebot3/share/turtlebot3/launch/simulation.launch.py
[3.071s] -- Up-to-date: /home/ju/turtlebotsim/install/turtlebot3/share/turtlebot3/launch/robot_state_publisher.launch.py
[3.071s] -- Up-to-date: /home/ju/turtlebotsim/install/turtlebot3/share/turtlebot3/launch/map_to_stl.launch.py
[3.071s] -- Up-to-date: /home/ju/turtlebotsim/install/turtlebot3/share/turtlebot3/launch/map_to_world.launch.py
[3.071s] -- Up-to-date: /home/ju/turtlebotsim/install/turtlebot3/share/turtlebot3/models
[3.071s] -- Up-to-date: /home/ju/turtlebotsim/install/turtlebot3/share/turtlebot3/models/turtlebot3
[3.071s] -- Up-to-date: /home/ju/turtlebotsim/install/turtlebot3/share/turtlebot3/models/turtlebot3/meshes
[3.071s] -- Up-to-date: /home/ju/turtlebotsim/install/turtlebot3/share/turtlebot3/models/turtlebot3/meshes/lds.dae
[3.071s] -- Up-to-date: /home/ju/turtlebotsim/install/turtlebot3/share/turtlebot3/models/turtlebot3/meshes/waffle_pi_base.dae
[3.071s] -- Up-to-date: /home/ju/turtlebotsim/install/turtlebot3/share/turtlebot3/models/turtlebot3/meshes/r200.dae
[3.071s] -- Up-to-date: /home/ju/turtlebotsim/install/turtlebot3/share/turtlebot3/models/turtlebot3/meshes/burger_base.dae
[3.071s] -- Up-to-date: /home/ju/turtlebotsim/install/turtlebot3/share/turtlebot3/models/turtlebot3/meshes/tire.dae
[3.071s] -- Up-to-date: /home/ju/turtlebotsim/install/turtlebot3/share/turtlebot3/models/turtlebot3/meshes/waffle_base.dae
[3.072s] -- Up-to-date: /home/ju/turtlebotsim/install/turtlebot3/share/turtlebot3/models/turtlebot3/model.sdf
[3.072s] -- Up-to-date: /home/ju/turtlebotsim/install/turtlebot3/share/turtlebot3/models/turtlebot3/model.config
[3.072s] -- Up-to-date: /home/ju/turtlebotsim/install/turtlebot3/share/turtlebot3/models/worlds
[3.072s] -- Up-to-date: /home/ju/turtlebotsim/install/turtlebot3/share/turtlebot3/models/worlds/empty_world.sdf
[3.072s] -- Up-to-date: /home/ju/turtlebotsim/install/turtlebot3/share/turtlebot3/models/worlds/world_only.sdf
[3.072s] -- Installing: /home/ju/turtlebotsim/install/turtlebot3/share/turtlebot3/models/worlds/auto_generated_world.sdf
[3.072s] -- Up-to-date: /home/ju/turtlebotsim/install/turtlebot3/share/turtlebot3/models/worlds/meshes
[3.072s] -- Up-to-date: /home/ju/turtlebotsim/install/turtlebot3/share/turtlebot3/models/worlds/meshes/wall.dae
[3.072s] -- Up-to-date: /home/ju/turtlebotsim/install/turtlebot3/share/turtlebot3/models/worlds/meshes/hexagon.dae
[3.072s] -- Up-to-date: /home/ju/turtlebotsim/install/turtlebot3/share/turtlebot3/models/worlds/model.sdf
[3.072s] -- Up-to-date: /home/ju/turtlebotsim/install/turtlebot3/share/turtlebot3/maps
[3.072s] -- Up-to-date: /home/ju/turtlebotsim/install/turtlebot3/share/turtlebot3/maps/turtlebot3_world.pgm
[3.072s] -- Up-to-date: /home/ju/turtlebotsim/install/turtlebot3/share/turtlebot3/maps/turtlebot3_world.yaml
[3.072s] -- Up-to-date: /home/ju/turtlebotsim/install/turtlebot3/share/turtlebot3/params
[3.072s] -- Up-to-date: /home/ju/turtlebotsim/install/turtlebot3/share/turtlebot3/params/burger.yaml
[3.072s] -- Up-to-date: /home/ju/turtlebotsim/install/turtlebot3/share/turtlebot3/params/waffle.yaml
[3.072s] -- Installing: /home/ju/turtlebotsim/install/turtlebot3/lib/turtlebot3/map_to_stl_node.cpp
[3.072s] -- Installing: /home/ju/turtlebotsim/install/turtlebot3/lib/turtlebot3/map_to_world_node.cpp
[3.072s] -- Up-to-date: /home/ju/turtlebotsim/install/turtlebot3/lib/turtlebot3/goal_pose_to_nav2.cpp
[3.072s] -- Installing: /home/ju/turtlebotsim/install/turtlebot3/lib/turtlebot3/map_to_stl_node
[3.072s] -- Set runtime path of "/home/ju/turtlebotsim/install/turtlebot3/lib/turtlebot3/map_to_stl_node" to ""
[3.072s] -- Installing: /home/ju/turtlebotsim/install/turtlebot3/lib/turtlebot3/map_to_world_node
[3.072s] -- Set runtime path of "/home/ju/turtlebotsim/install/turtlebot3/lib/turtlebot3/map_to_world_node" to ""
[3.072s] -- Up-to-date: /home/ju/turtlebotsim/install/turtlebot3/lib/turtlebot3/goal_pose_to_nav2
[3.072s] -- Up-to-date: /home/ju/turtlebotsim/install/turtlebot3/share/ament_index/resource_index/package_run_dependencies/turtlebot3
[3.072s] -- Up-to-date: /home/ju/turtlebotsim/install/turtlebot3/share/ament_index/resource_index/parent_prefix_path/turtlebot3
[3.072s] -- Up-to-date: /home/ju/turtlebotsim/install/turtlebot3/share/turtlebot3/environment/ament_prefix_path.sh
[3.072s] -- Up-to-date: /home/ju/turtlebotsim/install/turtlebot3/share/turtlebot3/environment/ament_prefix_path.dsv
[3.072s] -- Up-to-date: /home/ju/turtlebotsim/install/turtlebot3/share/turtlebot3/environment/path.sh
[3.072s] -- Up-to-date: /home/ju/turtlebotsim/install/turtlebot3/share/turtlebot3/environment/path.dsv
[3.072s] -- Up-to-date: /home/ju/turtlebotsim/install/turtlebot3/share/turtlebot3/local_setup.bash
[3.072s] -- Up-to-date: /home/ju/turtlebotsim/install/turtlebot3/share/turtlebot3/local_setup.sh
[3.072s] -- Up-to-date: /home/ju/turtlebotsim/install/turtlebot3/share/turtlebot3/local_setup.zsh
[3.073s] -- Up-to-date: /home/ju/turtlebotsim/install/turtlebot3/share/turtlebot3/local_setup.dsv
[3.073s] -- Installing: /home/ju/turtlebotsim/install/turtlebot3/share/turtlebot3/package.dsv
[3.073s] -- Up-to-date: /home/ju/turtlebotsim/install/turtlebot3/share/ament_index/resource_index/packages/turtlebot3
[3.073s] -- Up-to-date: /home/ju/turtlebotsim/install/turtlebot3/share/turtlebot3/cmake/turtlebot3Config.cmake
[3.073s] -- Up-to-date: /home/ju/turtlebotsim/install/turtlebot3/share/turtlebot3/cmake/turtlebot3Config-version.cmake
[3.073s] -- Up-to-date: /home/ju/turtlebotsim/install/turtlebot3/share/turtlebot3/package.xml
[3.073s] Invoked command in '/home/ju/turtlebotsim/build/turtlebot3' returned '0': CMAKE_PREFIX_PATH=/opt/ros/humble /usr/bin/cmake --install /home/ju/turtlebotsim/build/turtlebot3
