-- The C compiler identification is GNU 11.4.0
-- The CXX compiler identification is GNU 11.4.0
-- Detecting C compiler ABI info
-- Detecting C compiler ABI info - done
-- Check for working C compiler: /usr/bin/cc - skipped
-- Detecting C compile features
-- Detecting C compile features - done
-- Detecting CXX compiler ABI info
-- Detecting CXX compiler ABI info - done
-- Check for working CXX compiler: /usr/bin/c++ - skipped
-- Detecting CXX compile features
-- Detecting CXX compile features - done
-- Found ament_cmake: 1.3.11 (/opt/ros/humble/share/ament_cmake/cmake)
-- Found Python3: /usr/bin/python3 (found version "3.10.12") found components: Interpreter 
-- Configuring done
-- Generating done
-- Build files have been written to: /home/ju/turtlebotsim/build/turtlebot3_robotis
-- Install configuration: ""
-- Installing: /home/ju/turtlebotsim/install/turtlebot3_robotis/share/ament_index/resource_index/package_run_dependencies/turtlebot3_robotis
-- Installing: /home/ju/turtlebotsim/install/turtlebot3_robotis/share/ament_index/resource_index/parent_prefix_path/turtlebot3_robotis
-- Installing: /home/ju/turtlebotsim/install/turtlebot3_robotis/share/turtlebot3_robotis/environment/ament_prefix_path.sh
-- Installing: /home/ju/turtlebotsim/install/turtlebot3_robotis/share/turtlebot3_robotis/environment/ament_prefix_path.dsv
-- Installing: /home/ju/turtlebotsim/install/turtlebot3_robotis/share/turtlebot3_robotis/environment/path.sh
-- Installing: /home/ju/turtlebotsim/install/turtlebot3_robotis/share/turtlebot3_robotis/environment/path.dsv
-- Installing: /home/ju/turtlebotsim/install/turtlebot3_robotis/share/turtlebot3_robotis/local_setup.bash
-- Installing: /home/ju/turtlebotsim/install/turtlebot3_robotis/share/turtlebot3_robotis/local_setup.sh
-- Installing: /home/ju/turtlebotsim/install/turtlebot3_robotis/share/turtlebot3_robotis/local_setup.zsh
-- Installing: /home/ju/turtlebotsim/install/turtlebot3_robotis/share/turtlebot3_robotis/local_setup.dsv
-- Installing: /home/ju/turtlebotsim/install/turtlebot3_robotis/share/turtlebot3_robotis/package.dsv
-- Installing: /home/ju/turtlebotsim/install/turtlebot3_robotis/share/ament_index/resource_index/packages/turtlebot3_robotis
-- Installing: /home/ju/turtlebotsim/install/turtlebot3_robotis/share/turtlebot3_robotis/cmake/turtlebot3_robotisConfig.cmake
-- Installing: /home/ju/turtlebotsim/install/turtlebot3_robotis/share/turtlebot3_robotis/cmake/turtlebot3_robotisConfig-version.cmake
-- Installing: /home/ju/turtlebotsim/install/turtlebot3_robotis/share/turtlebot3_robotis/package.xml
