[0.007s] Invoking command in '/home/ju/turtlebotsim/build/turtlebot3_robotis': AMENT_PREFIX_PATH=/home/ju/turtlebotsim/install/turtlebot3_bringup:/home/ju/turtlebotsim/install/turtlebot3_teleop:/home/ju/turtlebotsim/install/turtlebot3_node:/home/ju/turtlebotsim/install/turtlebot3_navigation2:/home/ju/turtlebotsim/install/turtlebot3_example:/home/ju/turtlebotsim/install/turtlebot3_description:/home/ju/turtlebotsim/install/turtlebot3_cartographer:${AMENT_PREFIX_PATH} CMAKE_PREFIX_PATH=/home/ju/turtlebotsim/install/turtlebot3_bringup:/home/ju/turtlebotsim/install/turtlebot3_node:/home/ju/turtlebotsim/install/turtlebot3_navigation2:/home/ju/turtlebotsim/install/turtlebot3_description:/home/ju/turtlebotsim/install/turtlebot3_cartographer:/opt/ros/humble PYTHONPATH=/home/ju/turtlebotsim/install/turtlebot3_teleop/lib/python3.10/site-packages:/home/ju/turtlebotsim/install/turtlebot3_example/lib/python3.10/site-packages:${PYTHONPATH} /usr/bin/cmake /home/ju/turtlebotsim/src/turtlebot3_robotis/turtlebot3 -DCMAKE_INSTALL_PREFIX=/home/ju/turtlebotsim/install/turtlebot3_robotis
[0.047s] -- The C compiler identification is GNU 11.4.0
[0.083s] -- The CXX compiler identification is GNU 11.4.0
[0.087s] -- Detecting C compiler ABI info
[0.136s] -- Detecting C compiler ABI info - done
[0.141s] -- Check for working C compiler: /usr/bin/cc - skipped
[0.141s] -- Detecting C compile features
[0.141s] -- Detecting C compile features - done
[0.143s] -- Detecting CXX compiler ABI info
[0.199s] -- Detecting CXX compiler ABI info - done
[0.203s] -- Check for working CXX compiler: /usr/bin/c++ - skipped
[0.204s] -- Detecting CXX compile features
[0.204s] -- Detecting CXX compile features - done
[0.206s] -- Found ament_cmake: 1.3.11 (/opt/ros/humble/share/ament_cmake/cmake)
[0.300s] -- Found Python3: /usr/bin/python3 (found version "3.10.12") found components: Interpreter 
[0.395s] -- Configuring done
[0.396s] -- Generating done
[0.396s] -- Build files have been written to: /home/ju/turtlebotsim/build/turtlebot3_robotis
[0.399s] Invoked command in '/home/ju/turtlebotsim/build/turtlebot3_robotis' returned '0': AMENT_PREFIX_PATH=/home/ju/turtlebotsim/install/turtlebot3_bringup:/home/ju/turtlebotsim/install/turtlebot3_teleop:/home/ju/turtlebotsim/install/turtlebot3_node:/home/ju/turtlebotsim/install/turtlebot3_navigation2:/home/ju/turtlebotsim/install/turtlebot3_example:/home/ju/turtlebotsim/install/turtlebot3_description:/home/ju/turtlebotsim/install/turtlebot3_cartographer:${AMENT_PREFIX_PATH} CMAKE_PREFIX_PATH=/home/ju/turtlebotsim/install/turtlebot3_bringup:/home/ju/turtlebotsim/install/turtlebot3_node:/home/ju/turtlebotsim/install/turtlebot3_navigation2:/home/ju/turtlebotsim/install/turtlebot3_description:/home/ju/turtlebotsim/install/turtlebot3_cartographer:/opt/ros/humble PYTHONPATH=/home/ju/turtlebotsim/install/turtlebot3_teleop/lib/python3.10/site-packages:/home/ju/turtlebotsim/install/turtlebot3_example/lib/python3.10/site-packages:${PYTHONPATH} /usr/bin/cmake /home/ju/turtlebotsim/src/turtlebot3_robotis/turtlebot3 -DCMAKE_INSTALL_PREFIX=/home/ju/turtlebotsim/install/turtlebot3_robotis
[0.400s] Invoking command in '/home/ju/turtlebotsim/build/turtlebot3_robotis': AMENT_PREFIX_PATH=/home/ju/turtlebotsim/install/turtlebot3_bringup:/home/ju/turtlebotsim/install/turtlebot3_teleop:/home/ju/turtlebotsim/install/turtlebot3_node:/home/ju/turtlebotsim/install/turtlebot3_navigation2:/home/ju/turtlebotsim/install/turtlebot3_example:/home/ju/turtlebotsim/install/turtlebot3_description:/home/ju/turtlebotsim/install/turtlebot3_cartographer:${AMENT_PREFIX_PATH} CMAKE_PREFIX_PATH=/home/ju/turtlebotsim/install/turtlebot3_bringup:/home/ju/turtlebotsim/install/turtlebot3_node:/home/ju/turtlebotsim/install/turtlebot3_navigation2:/home/ju/turtlebotsim/install/turtlebot3_description:/home/ju/turtlebotsim/install/turtlebot3_cartographer:/opt/ros/humble PYTHONPATH=/home/ju/turtlebotsim/install/turtlebot3_teleop/lib/python3.10/site-packages:/home/ju/turtlebotsim/install/turtlebot3_example/lib/python3.10/site-packages:${PYTHONPATH} /usr/bin/cmake --build /home/ju/turtlebotsim/build/turtlebot3_robotis -- -j20 -l20
[0.425s] Invoked command in '/home/ju/turtlebotsim/build/turtlebot3_robotis' returned '0': AMENT_PREFIX_PATH=/home/ju/turtlebotsim/install/turtlebot3_bringup:/home/ju/turtlebotsim/install/turtlebot3_teleop:/home/ju/turtlebotsim/install/turtlebot3_node:/home/ju/turtlebotsim/install/turtlebot3_navigation2:/home/ju/turtlebotsim/install/turtlebot3_example:/home/ju/turtlebotsim/install/turtlebot3_description:/home/ju/turtlebotsim/install/turtlebot3_cartographer:${AMENT_PREFIX_PATH} CMAKE_PREFIX_PATH=/home/ju/turtlebotsim/install/turtlebot3_bringup:/home/ju/turtlebotsim/install/turtlebot3_node:/home/ju/turtlebotsim/install/turtlebot3_navigation2:/home/ju/turtlebotsim/install/turtlebot3_description:/home/ju/turtlebotsim/install/turtlebot3_cartographer:/opt/ros/humble PYTHONPATH=/home/ju/turtlebotsim/install/turtlebot3_teleop/lib/python3.10/site-packages:/home/ju/turtlebotsim/install/turtlebot3_example/lib/python3.10/site-packages:${PYTHONPATH} /usr/bin/cmake --build /home/ju/turtlebotsim/build/turtlebot3_robotis -- -j20 -l20
[0.441s] Invoking command in '/home/ju/turtlebotsim/build/turtlebot3_robotis': AMENT_PREFIX_PATH=/home/ju/turtlebotsim/install/turtlebot3_bringup:/home/ju/turtlebotsim/install/turtlebot3_teleop:/home/ju/turtlebotsim/install/turtlebot3_node:/home/ju/turtlebotsim/install/turtlebot3_navigation2:/home/ju/turtlebotsim/install/turtlebot3_example:/home/ju/turtlebotsim/install/turtlebot3_description:/home/ju/turtlebotsim/install/turtlebot3_cartographer:${AMENT_PREFIX_PATH} CMAKE_PREFIX_PATH=/home/ju/turtlebotsim/install/turtlebot3_bringup:/home/ju/turtlebotsim/install/turtlebot3_node:/home/ju/turtlebotsim/install/turtlebot3_navigation2:/home/ju/turtlebotsim/install/turtlebot3_description:/home/ju/turtlebotsim/install/turtlebot3_cartographer:/opt/ros/humble PYTHONPATH=/home/ju/turtlebotsim/install/turtlebot3_teleop/lib/python3.10/site-packages:/home/ju/turtlebotsim/install/turtlebot3_example/lib/python3.10/site-packages:${PYTHONPATH} /usr/bin/cmake --install /home/ju/turtlebotsim/build/turtlebot3_robotis
[0.448s] -- Install configuration: ""
[0.448s] -- Installing: /home/ju/turtlebotsim/install/turtlebot3_robotis/share/ament_index/resource_index/package_run_dependencies/turtlebot3_robotis
[0.448s] -- Installing: /home/ju/turtlebotsim/install/turtlebot3_robotis/share/ament_index/resource_index/parent_prefix_path/turtlebot3_robotis
[0.448s] -- Installing: /home/ju/turtlebotsim/install/turtlebot3_robotis/share/turtlebot3_robotis/environment/ament_prefix_path.sh
[0.448s] -- Installing: /home/ju/turtlebotsim/install/turtlebot3_robotis/share/turtlebot3_robotis/environment/ament_prefix_path.dsv
[0.448s] -- Installing: /home/ju/turtlebotsim/install/turtlebot3_robotis/share/turtlebot3_robotis/environment/path.sh
[0.448s] -- Installing: /home/ju/turtlebotsim/install/turtlebot3_robotis/share/turtlebot3_robotis/environment/path.dsv
[0.448s] -- Installing: /home/ju/turtlebotsim/install/turtlebot3_robotis/share/turtlebot3_robotis/local_setup.bash
[0.448s] -- Installing: /home/ju/turtlebotsim/install/turtlebot3_robotis/share/turtlebot3_robotis/local_setup.sh
[0.448s] -- Installing: /home/ju/turtlebotsim/install/turtlebot3_robotis/share/turtlebot3_robotis/local_setup.zsh
[0.448s] -- Installing: /home/ju/turtlebotsim/install/turtlebot3_robotis/share/turtlebot3_robotis/local_setup.dsv
[0.449s] -- Installing: /home/ju/turtlebotsim/install/turtlebot3_robotis/share/turtlebot3_robotis/package.dsv
[0.449s] -- Installing: /home/ju/turtlebotsim/install/turtlebot3_robotis/share/ament_index/resource_index/packages/turtlebot3_robotis
[0.449s] -- Installing: /home/ju/turtlebotsim/install/turtlebot3_robotis/share/turtlebot3_robotis/cmake/turtlebot3_robotisConfig.cmake
[0.449s] -- Installing: /home/ju/turtlebotsim/install/turtlebot3_robotis/share/turtlebot3_robotis/cmake/turtlebot3_robotisConfig-version.cmake
[0.449s] -- Installing: /home/ju/turtlebotsim/install/turtlebot3_robotis/share/turtlebot3_robotis/package.xml
[0.450s] Invoked command in '/home/ju/turtlebotsim/build/turtlebot3_robotis' returned '0': AMENT_PREFIX_PATH=/home/ju/turtlebotsim/install/turtlebot3_bringup:/home/ju/turtlebotsim/install/turtlebot3_teleop:/home/ju/turtlebotsim/install/turtlebot3_node:/home/ju/turtlebotsim/install/turtlebot3_navigation2:/home/ju/turtlebotsim/install/turtlebot3_example:/home/ju/turtlebotsim/install/turtlebot3_description:/home/ju/turtlebotsim/install/turtlebot3_cartographer:${AMENT_PREFIX_PATH} CMAKE_PREFIX_PATH=/home/ju/turtlebotsim/install/turtlebot3_bringup:/home/ju/turtlebotsim/install/turtlebot3_node:/home/ju/turtlebotsim/install/turtlebot3_navigation2:/home/ju/turtlebotsim/install/turtlebot3_description:/home/ju/turtlebotsim/install/turtlebot3_cartographer:/opt/ros/humble PYTHONPATH=/home/ju/turtlebotsim/install/turtlebot3_teleop/lib/python3.10/site-packages:/home/ju/turtlebotsim/install/turtlebot3_example/lib/python3.10/site-packages:${PYTHONPATH} /usr/bin/cmake --install /home/ju/turtlebotsim/build/turtlebot3_robotis
