[0.008s] Invoking command in '/home/ju/turtlebotsim/build/turtlebot3': CMAKE_PREFIX_PATH=${CMAKE_PREFIX_PATH}:/opt/ros/humble /usr/bin/cmake --build /home/ju/turtlebotsim/build/turtlebot3 -- -j20 -l20
[0.026s] -- Found ament_cmake: 1.3.11 (/opt/ros/humble/share/ament_cmake/cmake)
[0.093s] -- Found rclcpp: 16.0.12 (/opt/ros/humble/share/rclcpp/cmake)
[0.109s] -- Found rosidl_generator_c: 3.1.6 (/opt/ros/humble/share/rosidl_generator_c/cmake)
[0.110s] -- Found rosidl_adapter: 3.1.6 (/opt/ros/humble/share/rosidl_adapter/cmake)
[0.113s] -- Found rosidl_generator_cpp: 3.1.6 (/opt/ros/humble/share/rosidl_generator_cpp/cmake)
[0.118s] -- Using all available rosidl_typesupport_c: rosidl_typesupport_fastrtps_c;rosidl_typesupport_introspection_c
[0.124s] -- Using all available rosidl_typesupport_cpp: rosidl_typesupport_fastrtps_cpp;rosidl_typesupport_introspection_cpp
[0.140s] -- Found rmw_implementation_cmake: 6.1.2 (/opt/ros/humble/share/rmw_implementation_cmake/cmake)
[0.140s] -- Found rmw_fastrtps_cpp: 6.2.7 (/opt/ros/humble/share/rmw_fastrtps_cpp/cmake)
[0.204s] -- Using RMW implementation 'rmw_fastrtps_cpp' as default
[0.232s] -- Found rclcpp_action: 16.0.12 (/opt/ros/humble/share/rclcpp_action/cmake)
[0.246s] -- Found geometry_msgs: 4.8.0 (/opt/ros/humble/share/geometry_msgs/cmake)
[0.252s] -- Found nav_msgs: 4.8.0 (/opt/ros/humble/share/nav_msgs/cmake)
[0.260s] -- Found nav2_msgs: 1.1.18 (/opt/ros/humble/share/nav2_msgs/cmake)
[0.275s] -- Found sensor_msgs: 4.8.0 (/opt/ros/humble/share/sensor_msgs/cmake)
[0.286s] -- Found ament_lint_auto: 0.12.12 (/opt/ros/humble/share/ament_lint_auto/cmake)
[0.321s] -- Added test 'cppcheck' to perform static code analysis on C / C++ code
[0.321s] -- Configured cppcheck include dirs: 
[0.321s] -- Configured cppcheck exclude dirs and/or files: 
[0.321s] -- Added test 'flake8' to check Python code syntax and style conventions
[0.321s] -- Added test 'lint_cmake' to check CMake code style
[0.321s] -- Added test 'pep257' to check Python code against some of the docstring style conventions in PEP 257
[0.322s] -- Added test 'uncrustify' to check C / C++ code style
[0.322s] -- Configured uncrustify additional arguments: 
[0.322s] -- Added test 'xmllint' to check XML markup files
[0.323s] -- Configuring done
[0.325s] [31mCMake Error at CMakeLists.txt:59 (add_executable):
[0.325s]   Cannot find source file:
[0.325s] 
[0.325s]     src/map_to_stl_topic.cpp
[0.326s] 
[0.326s]   Tried extensions .c .C .c++ .cc .cpp .cxx .cu .mpp .m .M .mm .ixx .cppm .h
[0.326s]   .hh .h++ .hm .hpp .hxx .in .txx .f .F .for .f77 .f90 .f95 .f03 .hip .ispc
[0.326s] 
[0.326s] [0m
[0.326s] [31mCMake Error at CMakeLists.txt:59 (add_executable):
[0.326s]   No SOURCES given to target: map_to_stl_topic
[0.326s] 
[0.326s] [0m
[0.326s] [0mCMake Generate step failed.  Build files cannot be regenerated correctly.[0m
[0.331s] gmake: *** [Makefile:349: cmake_check_build_system] Error 1
[0.332s] Invoked command in '/home/ju/turtlebotsim/build/turtlebot3' returned '2': CMAKE_PREFIX_PATH=${CMAKE_PREFIX_PATH}:/opt/ros/humble /usr/bin/cmake --build /home/ju/turtlebotsim/build/turtlebot3 -- -j20 -l20
