[0.007s] Invoking command in '/home/ju/turtlebotsim/build/turtlebot3': CMAKE_PREFIX_PATH=${CMAKE_PREFIX_PATH}:/opt/ros/humble /usr/bin/cmake --build /home/ju/turtlebotsim/build/turtlebot3 -- -j20 -l20
[0.023s] -- Found ament_cmake: 1.3.11 (/opt/ros/humble/share/ament_cmake/cmake)
[0.095s] -- Found rclcpp: 16.0.12 (/opt/ros/humble/share/rclcpp/cmake)
[0.111s] -- Found rosidl_generator_c: 3.1.6 (/opt/ros/humble/share/rosidl_generator_c/cmake)
[0.112s] -- Found rosidl_adapter: 3.1.6 (/opt/ros/humble/share/rosidl_adapter/cmake)
[0.115s] -- Found rosidl_generator_cpp: 3.1.6 (/opt/ros/humble/share/rosidl_generator_cpp/cmake)
[0.120s] -- Using all available rosidl_typesupport_c: rosidl_typesupport_fastrtps_c;rosidl_typesupport_introspection_c
[0.127s] -- Using all available rosidl_typesupport_cpp: rosidl_typesupport_fastrtps_cpp;rosidl_typesupport_introspection_cpp
[0.144s] -- Found rmw_implementation_cmake: 6.1.2 (/opt/ros/humble/share/rmw_implementation_cmake/cmake)
[0.145s] -- Found rmw_fastrtps_cpp: 6.2.7 (/opt/ros/humble/share/rmw_fastrtps_cpp/cmake)
[0.209s] -- Using RMW implementation 'rmw_fastrtps_cpp' as default
[0.235s] -- Found rclcpp_action: 16.0.12 (/opt/ros/humble/share/rclcpp_action/cmake)
[0.250s] -- Found geometry_msgs: 4.8.0 (/opt/ros/humble/share/geometry_msgs/cmake)
[0.257s] -- Found nav_msgs: 4.8.0 (/opt/ros/humble/share/nav_msgs/cmake)
[0.265s] -- Found nav2_msgs: 1.1.18 (/opt/ros/humble/share/nav2_msgs/cmake)
[0.282s] -- Found ament_lint_auto: 0.12.12 (/opt/ros/humble/share/ament_lint_auto/cmake)
[0.320s] -- Added test 'cppcheck' to perform static code analysis on C / C++ code
[0.320s] -- Configured cppcheck include dirs: 
[0.320s] -- Configured cppcheck exclude dirs and/or files: 
[0.320s] -- Added test 'flake8' to check Python code syntax and style conventions
[0.320s] -- Added test 'lint_cmake' to check CMake code style
[0.321s] -- Added test 'pep257' to check Python code against some of the docstring style conventions in PEP 257
[0.321s] -- Added test 'uncrustify' to check C / C++ code style
[0.321s] -- Configured uncrustify additional arguments: 
[0.322s] -- Added test 'xmllint' to check XML markup files
[0.322s] -- Configuring done
[0.330s] -- Generating done
[0.331s] -- Build files have been written to: /home/ju/turtlebotsim/build/turtlebot3
[0.348s] [35m[1mConsolidate compiler generated dependencies of target map_to_stl_node[0m
[0.350s] [35m[1mConsolidate compiler generated dependencies of target map_to_world_node[0m
[0.350s] [35m[1mConsolidate compiler generated dependencies of target goal_pose_to_nav2[0m
[0.359s] [ 33%] [32mBuilding CXX object CMakeFiles/map_to_world_node.dir/nodes/map_to_world_node.cpp.o[0m
[0.359s] [ 33%] [32mBuilding CXX object CMakeFiles/map_to_stl_node.dir/nodes/map_to_stl_node.cpp.o[0m
[0.365s] [ 50%] [32mBuilding CXX object CMakeFiles/goal_pose_to_nav2.dir/nodes/goal_pose_to_nav2.cpp.o[0m
[2.028s] [ 66%] [32m[1mLinking CXX executable map_to_world_node[0m
[2.101s] [ 66%] Built target map_to_world_node
[4.896s] [ 83%] [32m[1mLinking CXX executable map_to_stl_node[0m
[5.120s] [ 83%] Built target map_to_stl_node
[5.290s] [100%] [32m[1mLinking CXX executable goal_pose_to_nav2[0m
[5.580s] [100%] Built target goal_pose_to_nav2
[5.591s] Invoked command in '/home/ju/turtlebotsim/build/turtlebot3' returned '0': CMAKE_PREFIX_PATH=${CMAKE_PREFIX_PATH}:/opt/ros/humble /usr/bin/cmake --build /home/ju/turtlebotsim/build/turtlebot3 -- -j20 -l20
[5.615s] Invoking command in '/home/ju/turtlebotsim/build/turtlebot3': CMAKE_PREFIX_PATH=${CMAKE_PREFIX_PATH}:/opt/ros/humble /usr/bin/cmake --install /home/ju/turtlebotsim/build/turtlebot3
[5.620s] -- Install configuration: ""
[5.620s] -- Installing: /home/ju/turtlebotsim/install/turtlebot3/share/turtlebot3/launch
[5.621s] -- Installing: /home/ju/turtlebotsim/install/turtlebot3/share/turtlebot3/launch/__pycache__
[5.621s] -- Installing: /home/ju/turtlebotsim/install/turtlebot3/share/turtlebot3/launch/__pycache__/map_to_stl.launch.cpython-310.pyc
[5.621s] -- Installing: /home/ju/turtlebotsim/install/turtlebot3/share/turtlebot3/launch/ros_ign_bridge.launch.py
[5.621s] -- Installing: /home/ju/turtlebotsim/install/turtlebot3/share/turtlebot3/launch/goal_pose_to_nav2.launch.py
[5.621s] -- Installing: /home/ju/turtlebotsim/install/turtlebot3/share/turtlebot3/launch/navigation2.launch.py
[5.621s] -- Installing: /home/ju/turtlebotsim/install/turtlebot3/share/turtlebot3/launch/simulation.launch.py
[5.621s] -- Installing: /home/ju/turtlebotsim/install/turtlebot3/share/turtlebot3/launch/robot_state_publisher.launch.py
[5.621s] -- Installing: /home/ju/turtlebotsim/install/turtlebot3/share/turtlebot3/launch/map_to_stl.launch.py
[5.621s] -- Installing: /home/ju/turtlebotsim/install/turtlebot3/share/turtlebot3/launch/map_to_world.launch.py
[5.621s] -- Installing: /home/ju/turtlebotsim/install/turtlebot3/share/turtlebot3/models
[5.621s] -- Installing: /home/ju/turtlebotsim/install/turtlebot3/share/turtlebot3/models/turtlebot3
[5.622s] -- Installing: /home/ju/turtlebotsim/install/turtlebot3/share/turtlebot3/models/turtlebot3/meshes
[5.622s] -- Installing: /home/ju/turtlebotsim/install/turtlebot3/share/turtlebot3/models/turtlebot3/meshes/lds.dae
[5.622s] -- Installing: /home/ju/turtlebotsim/install/turtlebot3/share/turtlebot3/models/turtlebot3/meshes/waffle_pi_base.dae
[5.622s] -- Installing: /home/ju/turtlebotsim/install/turtlebot3/share/turtlebot3/models/turtlebot3/meshes/r200.dae
[5.622s] -- Installing: /home/ju/turtlebotsim/install/turtlebot3/share/turtlebot3/models/turtlebot3/meshes/burger_base.dae
[5.622s] -- Installing: /home/ju/turtlebotsim/install/turtlebot3/share/turtlebot3/models/turtlebot3/meshes/tire.dae
[5.622s] -- Installing: /home/ju/turtlebotsim/install/turtlebot3/share/turtlebot3/models/turtlebot3/meshes/waffle_base.dae
[5.622s] -- Installing: /home/ju/turtlebotsim/install/turtlebot3/share/turtlebot3/models/turtlebot3/model.sdf
[5.622s] -- Installing: /home/ju/turtlebotsim/install/turtlebot3/share/turtlebot3/models/turtlebot3/model.config
[5.622s] -- Installing: /home/ju/turtlebotsim/install/turtlebot3/share/turtlebot3/models/worlds
[5.622s] -- Installing: /home/ju/turtlebotsim/install/turtlebot3/share/turtlebot3/models/worlds/empty_world.sdf
[5.622s] -- Installing: /home/ju/turtlebotsim/install/turtlebot3/share/turtlebot3/models/worlds/world_only.sdf
[5.623s] -- Installing: /home/ju/turtlebotsim/install/turtlebot3/share/turtlebot3/models/worlds/auto_generated_world.sdf
[5.623s] -- Installing: /home/ju/turtlebotsim/install/turtlebot3/share/turtlebot3/models/worlds/meshes
[5.623s] -- Installing: /home/ju/turtlebotsim/install/turtlebot3/share/turtlebot3/models/worlds/meshes/wall.dae
[5.623s] -- Installing: /home/ju/turtlebotsim/install/turtlebot3/share/turtlebot3/models/worlds/meshes/hexagon.dae
[5.623s] -- Installing: /home/ju/turtlebotsim/install/turtlebot3/share/turtlebot3/models/worlds/model.sdf
[5.623s] -- Installing: /home/ju/turtlebotsim/install/turtlebot3/share/turtlebot3/maps
[5.623s] -- Installing: /home/ju/turtlebotsim/install/turtlebot3/share/turtlebot3/maps/turtlebot3_world.pgm
[5.623s] -- Installing: /home/ju/turtlebotsim/install/turtlebot3/share/turtlebot3/maps/turtlebot3_world.yaml
[5.623s] -- Installing: /home/ju/turtlebotsim/install/turtlebot3/share/turtlebot3/params
[5.623s] -- Installing: /home/ju/turtlebotsim/install/turtlebot3/share/turtlebot3/params/burger.yaml
[5.623s] -- Installing: /home/ju/turtlebotsim/install/turtlebot3/share/turtlebot3/params/waffle.yaml
[5.623s] -- Installing: /home/ju/turtlebotsim/install/turtlebot3/lib/turtlebot3/map_to_stl_node.cpp
[5.623s] -- Installing: /home/ju/turtlebotsim/install/turtlebot3/lib/turtlebot3/map_to_world_node.cpp
[5.623s] -- Installing: /home/ju/turtlebotsim/install/turtlebot3/lib/turtlebot3/goal_pose_to_nav2.cpp
[5.623s] -- Installing: /home/ju/turtlebotsim/install/turtlebot3/lib/turtlebot3/map_to_stl_node
[5.624s] -- Set runtime path of "/home/ju/turtlebotsim/install/turtlebot3/lib/turtlebot3/map_to_stl_node" to ""
[5.624s] -- Installing: /home/ju/turtlebotsim/install/turtlebot3/lib/turtlebot3/map_to_world_node
[5.624s] -- Set runtime path of "/home/ju/turtlebotsim/install/turtlebot3/lib/turtlebot3/map_to_world_node" to ""
[5.624s] -- Installing: /home/ju/turtlebotsim/install/turtlebot3/lib/turtlebot3/goal_pose_to_nav2
[5.626s] -- Set runtime path of "/home/ju/turtlebotsim/install/turtlebot3/lib/turtlebot3/goal_pose_to_nav2" to ""
[5.626s] -- Installing: /home/ju/turtlebotsim/install/turtlebot3/share/ament_index/resource_index/package_run_dependencies/turtlebot3
[5.626s] -- Installing: /home/ju/turtlebotsim/install/turtlebot3/share/ament_index/resource_index/parent_prefix_path/turtlebot3
[5.626s] -- Installing: /home/ju/turtlebotsim/install/turtlebot3/share/turtlebot3/environment/ament_prefix_path.sh
[5.626s] -- Installing: /home/ju/turtlebotsim/install/turtlebot3/share/turtlebot3/environment/ament_prefix_path.dsv
[5.627s] -- Installing: /home/ju/turtlebotsim/install/turtlebot3/share/turtlebot3/environment/path.sh
[5.627s] -- Installing: /home/ju/turtlebotsim/install/turtlebot3/share/turtlebot3/environment/path.dsv
[5.627s] -- Installing: /home/ju/turtlebotsim/install/turtlebot3/share/turtlebot3/local_setup.bash
[5.627s] -- Installing: /home/ju/turtlebotsim/install/turtlebot3/share/turtlebot3/local_setup.sh
[5.627s] -- Installing: /home/ju/turtlebotsim/install/turtlebot3/share/turtlebot3/local_setup.zsh
[5.627s] -- Installing: /home/ju/turtlebotsim/install/turtlebot3/share/turtlebot3/local_setup.dsv
[5.627s] -- Installing: /home/ju/turtlebotsim/install/turtlebot3/share/turtlebot3/package.dsv
[5.627s] -- Installing: /home/ju/turtlebotsim/install/turtlebot3/share/ament_index/resource_index/packages/turtlebot3
[5.627s] -- Installing: /home/ju/turtlebotsim/install/turtlebot3/share/turtlebot3/cmake/turtlebot3Config.cmake
[5.627s] -- Installing: /home/ju/turtlebotsim/install/turtlebot3/share/turtlebot3/cmake/turtlebot3Config-version.cmake
[5.627s] -- Installing: /home/ju/turtlebotsim/install/turtlebot3/share/turtlebot3/package.xml
[5.629s] Invoked command in '/home/ju/turtlebotsim/build/turtlebot3' returned '0': CMAKE_PREFIX_PATH=${CMAKE_PREFIX_PATH}:/opt/ros/humble /usr/bin/cmake --install /home/ju/turtlebotsim/build/turtlebot3
